<?xml version="1.0" encoding="UTF-8"?>
<!-- Generated by org.testng.reporters.JUnitXMLReporter -->
<testsuite ignored="0" hostname="LAPTOP-CUFQDMPR" failures="0" tests="18" name="Test" time="17.819" errors="0" timestamp="2023-06-25T13:27:18 IST">
  <testcase classname="TestCases.GithubRepo" name="CreateaRepositoryfortheAuthenticatedUser" time="7.318"/>
  <testcase classname="TestCases.GithubRepo" name="UpdateaRepository" time="0.75"/>
  <testcase classname="TestCases.GithubRepo" name="GetaRepository" time="0.503"/>
  <testcase classname="TestCases.GithubRepo" name="CreateOrUpdateFileContents" time="0.802"/>
  <testcase classname="TestCases.GithubRepo" name="CreateaFork" time="1.316"/>
  <testcase classname="TestCases.GithubRepo" name="ListForks" time="0.424"/>
  <testcase classname="TestCases.GithubRepo" name="ListRepositoriesForaUser" time="1.081"/>
  <testcase classname="TestCases.GithubRepo" name="ListRepositoryLanguages" time="0.44"/>
  <testcase classname="TestCases.GithubRepo" name="ListPublicRepositories" time="0.74"/>
  <testcase classname="TestCases.GithubRepo" name="DeleteaFile" time="0.557"/>
  <testcase classname="TestCases.GithubRepo" name="ListRepositoryTags" time="0.399"/>
  <testcase classname="TestCases.GithubRepo" name="CreateAnAutolinkReferenceforaRepository" time="0.443"/>
  <testcase classname="TestCases.GithubRepo" name="ReplaceAllRepositoryTopics" time="0.729"/>
  <testcase classname="TestCases.GithubRepo" name="GetAllRepositoryTopics" time="0.436"/>
  <testcase classname="TestCases.GithubRepo" name="GetAnAutolinkReferenceofaRepository" time="0.469"/>
  <testcase classname="TestCases.GithubRepo" name="DeleteAnAutolinkReferenceFromaRepository" time="0.412"/>
  <testcase classname="TestCases.GithubRepo" name="GetaRepository2" time="0.402"/>
  <testcase classname="TestCases.GithubRepo" name="DeleteaRepository" time="0.554"/>
</testsuite> <!-- Test -->
