<?xml version="1.0" encoding="UTF-8"?>
<testng-results ignored="0" total="18" passed="18" failed="0" skipped="0">
  <reporter-output>
  </reporter-output>
  <suite started-at="2023-06-25T13:25:46 IST" name="Suite" finished-at="2023-06-25T13:26:06 IST" duration-ms="19978">
    <groups>
    </groups>
    <test started-at="2023-06-25T13:25:46 IST" name="Test" finished-at="2023-06-25T13:26:06 IST" duration-ms="19978">
      <class name="TestCases.GithubRepo">
        <test-method signature="CreateaRepositoryfortheAuthenticatedUser()[pri:0, instance:TestCases.GithubRepo@333d4a8c]" started-at="2023-06-25T13:25:46 IST" name="CreateaRepositoryfortheAuthenticatedUser" finished-at="2023-06-25T13:25:54 IST" duration-ms="8635" status="PASS">
          <reporter-output>
          </reporter-output>
        </test-method> <!-- CreateaRepositoryfortheAuthenticatedUser -->
        <test-method signature="UpdateaRepository()[pri:1, instance:TestCases.GithubRepo@333d4a8c]" started-at="2023-06-25T13:25:54 IST" name="UpdateaRepository" finished-at="2023-06-25T13:25:55 IST" duration-ms="811" status="PASS">
          <reporter-output>
          </reporter-output>
        </test-method> <!-- UpdateaRepository -->
        <test-method signature="GetaRepository()[pri:2, instance:TestCases.GithubRepo@333d4a8c]" started-at="2023-06-25T13:25:55 IST" name="GetaRepository" finished-at="2023-06-25T13:25:56 IST" duration-ms="648" status="PASS">
          <reporter-output>
          </reporter-output>
        </test-method> <!-- GetaRepository -->
        <test-method signature="CreateOrUpdateFileContents()[pri:3, instance:TestCases.GithubRepo@333d4a8c]" started-at="2023-06-25T13:25:56 IST" name="CreateOrUpdateFileContents" finished-at="2023-06-25T13:25:57 IST" duration-ms="846" status="PASS">
          <reporter-output>
          </reporter-output>
        </test-method> <!-- CreateOrUpdateFileContents -->
        <test-method signature="CreateaFork()[pri:4, instance:TestCases.GithubRepo@333d4a8c]" started-at="2023-06-25T13:25:57 IST" name="CreateaFork" finished-at="2023-06-25T13:25:58 IST" duration-ms="1329" status="PASS">
          <reporter-output>
          </reporter-output>
        </test-method> <!-- CreateaFork -->
        <test-method signature="ListForks()[pri:5, instance:TestCases.GithubRepo@333d4a8c]" started-at="2023-06-25T13:25:58 IST" name="ListForks" finished-at="2023-06-25T13:25:59 IST" duration-ms="588" status="PASS">
          <reporter-output>
          </reporter-output>
        </test-method> <!-- ListForks -->
        <test-method signature="ListRepositoriesForaUser()[pri:6, instance:TestCases.GithubRepo@333d4a8c]" started-at="2023-06-25T13:25:59 IST" name="ListRepositoriesForaUser" finished-at="2023-06-25T13:25:59 IST" duration-ms="651" status="PASS">
          <reporter-output>
          </reporter-output>
        </test-method> <!-- ListRepositoriesForaUser -->
        <test-method signature="ListRepositoryLanguages()[pri:7, instance:TestCases.GithubRepo@333d4a8c]" started-at="2023-06-25T13:25:59 IST" name="ListRepositoryLanguages" finished-at="2023-06-25T13:26:00 IST" duration-ms="468" status="PASS">
          <reporter-output>
          </reporter-output>
        </test-method> <!-- ListRepositoryLanguages -->
        <test-method signature="ListPublicRepositories()[pri:8, instance:TestCases.GithubRepo@333d4a8c]" started-at="2023-06-25T13:26:00 IST" name="ListPublicRepositories" finished-at="2023-06-25T13:26:00 IST" duration-ms="565" status="PASS">
          <reporter-output>
          </reporter-output>
        </test-method> <!-- ListPublicRepositories -->
        <test-method signature="DeleteaFile()[pri:9, instance:TestCases.GithubRepo@333d4a8c]" started-at="2023-06-25T13:26:00 IST" name="DeleteaFile" finished-at="2023-06-25T13:26:01 IST" duration-ms="585" status="PASS">
          <reporter-output>
          </reporter-output>
        </test-method> <!-- DeleteaFile -->
        <test-method signature="ListRepositoryTags()[pri:10, instance:TestCases.GithubRepo@333d4a8c]" started-at="2023-06-25T13:26:01 IST" name="ListRepositoryTags" finished-at="2023-06-25T13:26:02 IST" duration-ms="1042" status="PASS">
          <reporter-output>
          </reporter-output>
        </test-method> <!-- ListRepositoryTags -->
        <test-method signature="CreateAnAutolinkReferenceforaRepository()[pri:11, instance:TestCases.GithubRepo@333d4a8c]" started-at="2023-06-25T13:26:02 IST" name="CreateAnAutolinkReferenceforaRepository" finished-at="2023-06-25T13:26:02 IST" duration-ms="516" status="PASS">
          <reporter-output>
          </reporter-output>
        </test-method> <!-- CreateAnAutolinkReferenceforaRepository -->
        <test-method signature="ReplaceAllRepositoryTopics()[pri:12, instance:TestCases.GithubRepo@333d4a8c]" started-at="2023-06-25T13:26:02 IST" name="ReplaceAllRepositoryTopics" finished-at="2023-06-25T13:26:03 IST" duration-ms="786" status="PASS">
          <reporter-output>
          </reporter-output>
        </test-method> <!-- ReplaceAllRepositoryTopics -->
        <test-method signature="GetAllRepositoryTopics()[pri:13, instance:TestCases.GithubRepo@333d4a8c]" started-at="2023-06-25T13:26:03 IST" name="GetAllRepositoryTopics" finished-at="2023-06-25T13:26:04 IST" duration-ms="424" status="PASS">
          <reporter-output>
          </reporter-output>
        </test-method> <!-- GetAllRepositoryTopics -->
        <test-method signature="GetAnAutolinkReferenceofaRepository()[pri:14, instance:TestCases.GithubRepo@333d4a8c]" started-at="2023-06-25T13:26:04 IST" name="GetAnAutolinkReferenceofaRepository" finished-at="2023-06-25T13:26:04 IST" duration-ms="392" status="PASS">
          <reporter-output>
          </reporter-output>
        </test-method> <!-- GetAnAutolinkReferenceofaRepository -->
        <test-method signature="DeleteAnAutolinkReferenceFromaRepository()[pri:15, instance:TestCases.GithubRepo@333d4a8c]" started-at="2023-06-25T13:26:04 IST" name="DeleteAnAutolinkReferenceFromaRepository" finished-at="2023-06-25T13:26:04 IST" duration-ms="410" status="PASS">
          <reporter-output>
          </reporter-output>
        </test-method> <!-- DeleteAnAutolinkReferenceFromaRepository -->
        <test-method signature="GetaRepository2()[pri:16, instance:TestCases.GithubRepo@333d4a8c]" started-at="2023-06-25T13:26:04 IST" name="GetaRepository2" finished-at="2023-06-25T13:26:05 IST" duration-ms="484" status="PASS">
          <reporter-output>
          </reporter-output>
        </test-method> <!-- GetaRepository2 -->
        <test-method signature="DeleteaRepository()[pri:17, instance:TestCases.GithubRepo@333d4a8c]" started-at="2023-06-25T13:26:05 IST" name="DeleteaRepository" finished-at="2023-06-25T13:26:06 IST" duration-ms="707" status="PASS">
          <reporter-output>
          </reporter-output>
        </test-method> <!-- DeleteaRepository -->
      </class> <!-- TestCases.GithubRepo -->
    </test> <!-- Test -->
  </suite> <!-- Suite -->
</testng-results>
