<?xml version="1.0" encoding="UTF-8"?>
<!-- Generated by org.testng.reporters.JUnitXMLReporter -->
<testsuite ignored="0" hostname="LAPTOP-CUFQDMPR" failures="0" tests="18" name="Test" time="19.978" errors="0" timestamp="2023-06-25T13:26:06 IST">
  <testcase classname="TestCases.GithubRepo" name="CreateaRepositoryfortheAuthenticatedUser" time="8.635"/>
  <testcase classname="TestCases.GithubRepo" name="UpdateaRepository" time="0.811"/>
  <testcase classname="TestCases.GithubRepo" name="GetaRepository" time="0.648"/>
  <testcase classname="TestCases.GithubRepo" name="CreateOrUpdateFileContents" time="0.846"/>
  <testcase classname="TestCases.GithubRepo" name="CreateaFork" time="1.329"/>
  <testcase classname="TestCases.GithubRepo" name="ListForks" time="0.588"/>
  <testcase classname="TestCases.GithubRepo" name="ListRepositoriesForaUser" time="0.651"/>
  <testcase classname="TestCases.GithubRepo" name="ListRepositoryLanguages" time="0.468"/>
  <testcase classname="TestCases.GithubRepo" name="ListPublicRepositories" time="0.565"/>
  <testcase classname="TestCases.GithubRepo" name="DeleteaFile" time="0.585"/>
  <testcase classname="TestCases.GithubRepo" name="ListRepositoryTags" time="1.042"/>
  <testcase classname="TestCases.GithubRepo" name="CreateAnAutolinkReferenceforaRepository" time="0.516"/>
  <testcase classname="TestCases.GithubRepo" name="ReplaceAllRepositoryTopics" time="0.786"/>
  <testcase classname="TestCases.GithubRepo" name="GetAllRepositoryTopics" time="0.424"/>
  <testcase classname="TestCases.GithubRepo" name="GetAnAutolinkReferenceofaRepository" time="0.392"/>
  <testcase classname="TestCases.GithubRepo" name="DeleteAnAutolinkReferenceFromaRepository" time="0.41"/>
  <testcase classname="TestCases.GithubRepo" name="GetaRepository2" time="0.484"/>
  <testcase classname="TestCases.GithubRepo" name="DeleteaRepository" time="0.707"/>
</testsuite> <!-- Test -->
