<?xml version="1.0" encoding="UTF-8"?>
<!-- Generated by org.testng.reporters.JUnitXMLReporter -->
<testsuite ignored="0" hostname="LAPTOP-CUFQDMPR" failures="0" tests="18" name="Default test" time="17.99" errors="0" timestamp="2023-06-25T13:14:50 IST">
  <testcase classname="TestCases.GithubRepo" name="CreateaRepositoryfortheAuthenticatedUser" time="7.741"/>
  <testcase classname="TestCases.GithubRepo" name="UpdateaRepository" time="0.675"/>
  <testcase classname="TestCases.GithubRepo" name="GetaRepository" time="0.423"/>
  <testcase classname="TestCases.GithubRepo" name="CreateOrUpdateFileContents" time="0.738"/>
  <testcase classname="TestCases.GithubRepo" name="CreateaFork" time="1.385"/>
  <testcase classname="TestCases.GithubRepo" name="ListForks" time="0.511"/>
  <testcase classname="TestCases.GithubRepo" name="ListRepositoriesForaUser" time="0.672"/>
  <testcase classname="TestCases.GithubRepo" name="ListRepositoryLanguages" time="0.459"/>
  <testcase classname="TestCases.GithubRepo" name="ListPublicRepositories" time="0.581"/>
  <testcase classname="TestCases.GithubRepo" name="DeleteaFile" time="0.632"/>
  <testcase classname="TestCases.GithubRepo" name="ListRepositoryTags" time="0.392"/>
  <testcase classname="TestCases.GithubRepo" name="CreateAnAutolinkReferenceforaRepository" time="0.482"/>
  <testcase classname="TestCases.GithubRepo" name="ReplaceAllRepositoryTopics" time="0.889"/>
  <testcase classname="TestCases.GithubRepo" name="GetAllRepositoryTopics" time="0.497"/>
  <testcase classname="TestCases.GithubRepo" name="GetAnAutolinkReferenceofaRepository" time="0.372"/>
  <testcase classname="TestCases.GithubRepo" name="DeleteAnAutolinkReferenceFromaRepository" time="0.476"/>
  <testcase classname="TestCases.GithubRepo" name="GetaRepository2" time="0.447"/>
  <testcase classname="TestCases.GithubRepo" name="DeleteaRepository" time="0.544"/>
</testsuite> <!-- Default test -->
