<?xml version="1.0" encoding="UTF-8"?>
<testsuite xmlns:xsi="http://www.w3.org/2001/XMLSchema-instance" xsi:noNamespaceSchemaLocation="https://maven.apache.org/surefire/maven-surefire-plugin/xsd/surefire-test-report-3.0.xsd" version="3.0" name="TestSuite" time="18.965" tests="18" errors="0" skipped="0" failures="0">
  <properties>
[...]
</properties>
  <testcase name="CreateaRepositoryfortheAuthenticatedUser" classname="TestCases.GithubRepo" time="7.319">
    <system-out><![CDATA[E:\Shubham_fw19_0757\SDET\Eclipse2\RA-GITHUB-API-Framework-\src\main\java\resource\CreateaRepositoryfortheAuthenticatedUser.json
Shubhamverma94
RestAssured-Project
Created a repository for the authenticated user
]]></system-out>
    <system-err><![CDATA[SLF4J: Failed to load class "org.slf4j.impl.StaticLoggerBinder".
SLF4J: Defaulting to no-operation (NOP) logger implementation
SLF4J: See http://www.slf4j.org/codes.html#StaticLoggerBinder for further details.
]]></system-err>
  </testcase>
  <testcase name="UpdateaRepository" classname="TestCases.GithubRepo" time="0.75">
    <system-out><![CDATA[E:\Shubham_fw19_0757\SDET\Eclipse2\RA-GITHUB-API-Framework-\src\main\java\resource\UpdateaRepository.json
Renamed-RestAssured-Project
Updated a name of repository
]]></system-out>
  </testcase>
  <testcase name="GetaRepository" classname="TestCases.GithubRepo" time="0.506">
    <system-out><![CDATA[{"id":658247332,"node_id":"R_kgDOJzwOpA","name":"Renamed-RestAssured-Project","full_name":"Shubhamverma94/Renamed-RestAssured-Project","private":false,"owner":{"login":"Shubhamverma94","id":103638279,"node_id":"U_kgDOBi1lBw","avatar_url":"https://avatars.githubusercontent.com/u/103638279?v=4","gravatar_id":"","url":"https://api.github.com/users/Shubhamverma94","html_url":"https://github.com/Shubhamverma94","followers_url":"https://api.github.com/users/Shubhamverma94/followers","following_url":"https://api.github.com/users/Shubhamverma94/following{/other_user}","gists_url":"https://api.github.com/users/Shubhamverma94/gists{/gist_id}","starred_url":"https://api.github.com/users/Shubhamverma94/starred{/owner}{/repo}","subscriptions_url":"https://api.github.com/users/Shubhamverma94/subscriptions","organizations_url":"https://api.github.com/users/Shubhamverma94/orgs","repos_url":"https://api.github.com/users/Shubhamverma94/repos","events_url":"https://api.github.com/users/Shubhamverma94/events{/privacy}","received_events_url":"https://api.github.com/users/Shubhamverma94/received_events","type":"User","site_admin":false},"html_url":"https://github.com/Shubhamverma94/Renamed-RestAssured-Project","description":"This is updated by API","fork":false,"url":"https://api.github.com/repos/Shubhamverma94/Renamed-RestAssured-Project","forks_url":"https://api.github.com/repos/Shubhamverma94/Renamed-RestAssured-Project/forks","keys_url":"https://api.github.com/repos/Shubhamverma94/Renamed-RestAssured-Project/keys{/key_id}","collaborators_url":"https://api.github.com/repos/Shubhamverma94/Renamed-RestAssured-Project/collaborators{/collaborator}","teams_url":"https://api.github.com/repos/Shubhamverma94/Renamed-RestAssured-Project/teams","hooks_url":"https://api.github.com/repos/Shubhamverma94/Renamed-RestAssured-Project/hooks","issue_events_url":"https://api.github.com/repos/Shubhamverma94/Renamed-RestAssured-Project/issues/events{/number}","events_url":"https://api.github.com/repos/Shubhamverma94/Renamed-RestAssured-Project/events","assignees_url":"https://api.github.com/repos/Shubhamverma94/Renamed-RestAssured-Project/assignees{/user}","branches_url":"https://api.github.com/repos/Shubhamverma94/Renamed-RestAssured-Project/branches{/branch}","tags_url":"https://api.github.com/repos/Shubhamverma94/Renamed-RestAssured-Project/tags","blobs_url":"https://api.github.com/repos/Shubhamverma94/Renamed-RestAssured-Project/git/blobs{/sha}","git_tags_url":"https://api.github.com/repos/Shubhamverma94/Renamed-RestAssured-Project/git/tags{/sha}","git_refs_url":"https://api.github.com/repos/Shubhamverma94/Renamed-RestAssured-Project/git/refs{/sha}","trees_url":"https://api.github.com/repos/Shubhamverma94/Renamed-RestAssured-Project/git/trees{/sha}","statuses_url":"https://api.github.com/repos/Shubhamverma94/Renamed-RestAssured-Project/statuses/{sha}","languages_url":"https://api.github.com/repos/Shubhamverma94/Renamed-RestAssured-Project/languages","stargazers_url":"https://api.github.com/repos/Shubhamverma94/Renamed-RestAssured-Project/stargazers","contributors_url":"https://api.github.com/repos/Shubhamverma94/Renamed-RestAssured-Project/contributors","subscribers_url":"https://api.github.com/repos/Shubhamverma94/Renamed-RestAssured-Project/subscribers","subscription_url":"https://api.github.com/repos/Shubhamverma94/Renamed-RestAssured-Project/subscription","commits_url":"https://api.github.com/repos/Shubhamverma94/Renamed-RestAssured-Project/commits{/sha}","git_commits_url":"https://api.github.com/repos/Shubhamverma94/Renamed-RestAssured-Project/git/commits{/sha}","comments_url":"https://api.github.com/repos/Shubhamverma94/Renamed-RestAssured-Project/comments{/number}","issue_comment_url":"https://api.github.com/repos/Shubhamverma94/Renamed-RestAssured-Project/issues/comments{/number}","contents_url":"https://api.github.com/repos/Shubhamverma94/Renamed-RestAssured-Project/contents/{+path}","compare_url":"https://api.github.com/repos/Shubhamverma94/Renamed-RestAssured-Project/compare/{base}...{head}","merges_url":"https://api.github.com/repos/Shubhamverma94/Renamed-RestAssured-Project/merges","archive_url":"https://api.github.com/repos/Shubhamverma94/Renamed-RestAssured-Project/{archive_format}{/ref}","downloads_url":"https://api.github.com/repos/Shubhamverma94/Renamed-RestAssured-Project/downloads","issues_url":"https://api.github.com/repos/Shubhamverma94/Renamed-RestAssured-Project/issues{/number}","pulls_url":"https://api.github.com/repos/Shubhamverma94/Renamed-RestAssured-Project/pulls{/number}","milestones_url":"https://api.github.com/repos/Shubhamverma94/Renamed-RestAssured-Project/milestones{/number}","notifications_url":"https://api.github.com/repos/Shubhamverma94/Renamed-RestAssured-Project/notifications{?since,all,participating}","labels_url":"https://api.github.com/repos/Shubhamverma94/Renamed-RestAssured-Project/labels{/name}","releases_url":"https://api.github.com/repos/Shubhamverma94/Renamed-RestAssured-Project/releases{/id}","deployments_url":"https://api.github.com/repos/Shubhamverma94/Renamed-RestAssured-Project/deployments","created_at":"2023-06-25T07:57:05Z","updated_at":"2023-06-25T07:57:07Z","pushed_at":"2023-06-25T07:57:06Z","git_url":"git://github.com/Shubhamverma94/Renamed-RestAssured-Project.git","ssh_url":"git@github.com:Shubhamverma94/Renamed-RestAssured-Project.git","clone_url":"https://github.com/Shubhamverma94/Renamed-RestAssured-Project.git","svn_url":"https://github.com/Shubhamverma94/Renamed-RestAssured-Project","homepage":null,"size":0,"stargazers_count":0,"watchers_count":0,"language":null,"has_issues":true,"has_projects":true,"has_downloads":true,"has_wiki":true,"has_pages":false,"has_discussions":false,"forks_count":0,"mirror_url":null,"archived":false,"disabled":false,"open_issues_count":0,"license":null,"allow_forking":true,"is_template":false,"web_commit_signoff_required":false,"topics":[],"visibility":"public","forks":0,"open_issues":0,"watchers":0,"default_branch":"main","permissions":{"admin":true,"maintain":true,"push":true,"triage":true,"pull":true},"temp_clone_token":"","allow_squash_merge":true,"allow_merge_commit":true,"allow_rebase_merge":true,"allow_auto_merge":false,"delete_branch_on_merge":false,"allow_update_branch":false,"use_squash_pr_title_as_default":false,"squash_merge_commit_message":"COMMIT_MESSAGES","squash_merge_commit_title":"COMMIT_OR_PR_TITLE","merge_commit_message":"PR_TITLE","merge_commit_title":"MERGE_MESSAGE","security_and_analysis":{"secret_scanning":{"status":"disabled"},"secret_scanning_push_protection":{"status":"disabled"}},"network_count":0,"subscribers_count":1}
Got a repository
]]></system-out>
  </testcase>
  <testcase name="CreateOrUpdateFileContents" classname="TestCases.GithubRepo" time="0.8">
    <system-out><![CDATA[E:\Shubham_fw19_0757\SDET\Eclipse2\RA-GITHUB-API-Framework-\src\main\java\resource\CreateOrUpdateFileContents.json
{"content":{"name":"hello.txt","path":"notes/hello.txt","sha":"2044c2344bd6650e900a301100e0f21cd4e31b21","size":13,"url":"https://api.github.com/repos/Shubhamverma94/Renamed-RestAssured-Project/contents/notes/hello.txt?ref=main","html_url":"https://github.com/Shubhamverma94/Renamed-RestAssured-Project/blob/main/notes/hello.txt","git_url":"https://api.github.com/repos/Shubhamverma94/Renamed-RestAssured-Project/git/blobs/2044c2344bd6650e900a301100e0f21cd4e31b21","download_url":"https://raw.githubusercontent.com/Shubhamverma94/Renamed-RestAssured-Project/main/notes/hello.txt","type":"file","_links":{"self":"https://api.github.com/repos/Shubhamverma94/Renamed-RestAssured-Project/contents/notes/hello.txt?ref=main","git":"https://api.github.com/repos/Shubhamverma94/Renamed-RestAssured-Project/git/blobs/2044c2344bd6650e900a301100e0f21cd4e31b21","html":"https://github.com/Shubhamverma94/Renamed-RestAssured-Project/blob/main/notes/hello.txt"}},"commit":{"sha":"102180fce063af173fbc336089c2d771d8aa79e7","node_id":"C_kwDOJzwOpNoAKDEwMjE4MGZjZTA2M2FmMTczZmJjMzM2MDg5YzJkNzcxZDhhYTc5ZTc","url":"https://api.github.com/repos/Shubhamverma94/Renamed-RestAssured-Project/git/commits/102180fce063af173fbc336089c2d771d8aa79e7","html_url":"https://github.com/Shubhamverma94/Renamed-RestAssured-Project/commit/102180fce063af173fbc336089c2d771d8aa79e7","author":{"name":"SHUBHAM VERMA","email":"103638279+Shubhamverma94@users.noreply.github.com","date":"2023-06-25T07:57:09Z"},"committer":{"name":"SHUBHAM VERMA","email":"103638279+Shubhamverma94@users.noreply.github.com","date":"2023-06-25T07:57:09Z"},"tree":{"sha":"4aa49dc28ce83032a6fb3e94e1f36f1238d46fc6","url":"https://api.github.com/repos/Shubhamverma94/Renamed-RestAssured-Project/git/trees/4aa49dc28ce83032a6fb3e94e1f36f1238d46fc6"},"message":"a commit message describing the changes you are making","parents":[],"verification":{"verified":false,"reason":"unsigned","signature":null,"payload":null}}}
2044c2344bd6650e900a301100e0f21cd4e31b21
Created or updated file contents
]]></system-out>
  </testcase>
  <testcase name="CreateaFork" classname="TestCases.GithubRepo" time="1.316">
    <system-out><![CDATA[E:\Shubham_fw19_0757\SDET\Eclipse2\RA-GITHUB-API-Framework-\src\main\java\resource\CreateaFork.json
API-testing-project-org
Created a fork
]]></system-out>
  </testcase>
  <testcase name="ListForks" classname="TestCases.GithubRepo" time="0.431">
    <system-out><![CDATA[[{"id":658247347,"node_id":"R_kgDOJzwOsw","name":"Renamed-RestAssured-Project-56","full_name":"API-testing-project-org/Renamed-RestAssured-Project-56","private":false,"owner":{"login":"API-testing-project-org","id":132535004,"node_id":"O_kgDOB-ZS3A","avatar_url":"https://avatars.githubusercontent.com/u/132535004?v=4","gravatar_id":"","url":"https://api.github.com/users/API-testing-project-org","html_url":"https://github.com/API-testing-project-org","followers_url":"https://api.github.com/users/API-testing-project-org/followers","following_url":"https://api.github.com/users/API-testing-project-org/following{/other_user}","gists_url":"https://api.github.com/users/API-testing-project-org/gists{/gist_id}","starred_url":"https://api.github.com/users/API-testing-project-org/starred{/owner}{/repo}","subscriptions_url":"https://api.github.com/users/API-testing-project-org/subscriptions","organizations_url":"https://api.github.com/users/API-testing-project-org/orgs","repos_url":"https://api.github.com/users/API-testing-project-org/repos","events_url":"https://api.github.com/users/API-testing-project-org/events{/privacy}","received_events_url":"https://api.github.com/users/API-testing-project-org/received_events","type":"Organization","site_admin":false},"html_url":"https://github.com/API-testing-project-org/Renamed-RestAssured-Project-56","description":"This is updated by API","fork":true,"url":"https://api.github.com/repos/API-testing-project-org/Renamed-RestAssured-Project-56","forks_url":"https://api.github.com/repos/API-testing-project-org/Renamed-RestAssured-Project-56/forks","keys_url":"https://api.github.com/repos/API-testing-project-org/Renamed-RestAssured-Project-56/keys{/key_id}","collaborators_url":"https://api.github.com/repos/API-testing-project-org/Renamed-RestAssured-Project-56/collaborators{/collaborator}","teams_url":"https://api.github.com/repos/API-testing-project-org/Renamed-RestAssured-Project-56/teams","hooks_url":"https://api.github.com/repos/API-testing-project-org/Renamed-RestAssured-Project-56/hooks","issue_events_url":"https://api.github.com/repos/API-testing-project-org/Renamed-RestAssured-Project-56/issues/events{/number}","events_url":"https://api.github.com/repos/API-testing-project-org/Renamed-RestAssured-Project-56/events","assignees_url":"https://api.github.com/repos/API-testing-project-org/Renamed-RestAssured-Project-56/assignees{/user}","branches_url":"https://api.github.com/repos/API-testing-project-org/Renamed-RestAssured-Project-56/branches{/branch}","tags_url":"https://api.github.com/repos/API-testing-project-org/Renamed-RestAssured-Project-56/tags","blobs_url":"https://api.github.com/repos/API-testing-project-org/Renamed-RestAssured-Project-56/git/blobs{/sha}","git_tags_url":"https://api.github.com/repos/API-testing-project-org/Renamed-RestAssured-Project-56/git/tags{/sha}","git_refs_url":"https://api.github.com/repos/API-testing-project-org/Renamed-RestAssured-Project-56/git/refs{/sha}","trees_url":"https://api.github.com/repos/API-testing-project-org/Renamed-RestAssured-Project-56/git/trees{/sha}","statuses_url":"https://api.github.com/repos/API-testing-project-org/Renamed-RestAssured-Project-56/statuses/{sha}","languages_url":"https://api.github.com/repos/API-testing-project-org/Renamed-RestAssured-Project-56/languages","stargazers_url":"https://api.github.com/repos/API-testing-project-org/Renamed-RestAssured-Project-56/stargazers","contributors_url":"https://api.github.com/repos/API-testing-project-org/Renamed-RestAssured-Project-56/contributors","subscribers_url":"https://api.github.com/repos/API-testing-project-org/Renamed-RestAssured-Project-56/subscribers","subscription_url":"https://api.github.com/repos/API-testing-project-org/Renamed-RestAssured-Project-56/subscription","commits_url":"https://api.github.com/repos/API-testing-project-org/Renamed-RestAssured-Project-56/commits{/sha}","git_commits_url":"https://api.github.com/repos/API-testing-project-org/Renamed-RestAssured-Project-56/git/commits{/sha}","comments_url":"https://api.github.com/repos/API-testing-project-org/Renamed-RestAssured-Project-56/comments{/number}","issue_comment_url":"https://api.github.com/repos/API-testing-project-org/Renamed-RestAssured-Project-56/issues/comments{/number}","contents_url":"https://api.github.com/repos/API-testing-project-org/Renamed-RestAssured-Project-56/contents/{+path}","compare_url":"https://api.github.com/repos/API-testing-project-org/Renamed-RestAssured-Project-56/compare/{base}...{head}","merges_url":"https://api.github.com/repos/API-testing-project-org/Renamed-RestAssured-Project-56/merges","archive_url":"https://api.github.com/repos/API-testing-project-org/Renamed-RestAssured-Project-56/{archive_format}{/ref}","downloads_url":"https://api.github.com/repos/API-testing-project-org/Renamed-RestAssured-Project-56/downloads","issues_url":"https://api.github.com/repos/API-testing-project-org/Renamed-RestAssured-Project-56/issues{/number}","pulls_url":"https://api.github.com/repos/API-testing-project-org/Renamed-RestAssured-Project-56/pulls{/number}","milestones_url":"https://api.github.com/repos/API-testing-project-org/Renamed-RestAssured-Project-56/milestones{/number}","notifications_url":"https://api.github.com/repos/API-testing-project-org/Renamed-RestAssured-Project-56/notifications{?since,all,participating}","labels_url":"https://api.github.com/repos/API-testing-project-org/Renamed-RestAssured-Project-56/labels{/name}","releases_url":"https://api.github.com/repos/API-testing-project-org/Renamed-RestAssured-Project-56/releases{/id}","deployments_url":"https://api.github.com/repos/API-testing-project-org/Renamed-RestAssured-Project-56/deployments","created_at":"2023-06-25T07:57:09Z","updated_at":"2023-06-25T07:57:09Z","pushed_at":"2023-06-25T07:57:09Z","git_url":"git://github.com/API-testing-project-org/Renamed-RestAssured-Project-56.git","ssh_url":"git@github.com:API-testing-project-org/Renamed-RestAssured-Project-56.git","clone_url":"https://github.com/API-testing-project-org/Renamed-RestAssured-Project-56.git","svn_url":"https://github.com/API-testing-project-org/Renamed-RestAssured-Project-56","homepage":null,"size":0,"stargazers_count":0,"watchers_count":0,"language":null,"has_issues":false,"has_projects":true,"has_downloads":true,"has_wiki":true,"has_pages":false,"has_discussions":false,"forks_count":0,"mirror_url":null,"archived":false,"disabled":false,"open_issues_count":0,"license":null,"allow_forking":true,"is_template":false,"web_commit_signoff_required":false,"topics":[],"visibility":"public","forks":0,"open_issues":0,"watchers":0,"default_branch":"main","permissions":{"admin":true,"maintain":true,"push":true,"triage":true,"pull":true}}]
List forks
]]></system-out>
  </testcase>
  <testcase name="ListRepositoriesForaUser" classname="TestCases.GithubRepo" time="1.099">
    <system-out><![CDATA[[{"id":542206169,"node_id":"R_kgDOIFFo2Q","name":"-vague-cream-5370","full_name":"Shubhamverma94/-vague-cream-5370","private":false,"owner":{"login":"Shubhamverma94","id":103638279,"node_id":"U_kgDOBi1lBw","avatar_url":"https://avatars.githubusercontent.com/u/103638279?v=4","gravatar_id":"","url":"https://api.github.com/users/Shubhamverma94","html_url":"https://github.com/Shubhamverma94","followers_url":"https://api.github.com/users/Shubhamverma94/followers","following_url":"https://api.github.com/users/Shubhamverma94/following{/other_user}","gists_url":"https://api.github.com/users/Shubhamverma94/gists{/gist_id}","starred_url":"https://api.github.com/users/Shubhamverma94/starred{/owner}{/repo}","subscriptions_url":"https://api.github.com/users/Shubhamverma94/subscriptions","organizations_url":"https://api.github.com/users/Shubhamverma94/orgs","repos_url":"https://api.github.com/users/Shubhamverma94/repos","events_url":"https://api.github.com/users/Shubhamverma94/events{/privacy}","received_events_url":"https://api.github.com/users/Shubhamverma94/received_events","type":"User","site_admin":false},"html_url":"https://github.com/Shubhamverma94/-vague-cream-5370","description":"Apple TV+ is a streaming service featuring Apple Originals — award-winning series, compelling dramas, groundbreaking documentaries, kids' entertainment, comedies, and more.","fork":false,"url":"https://api.github.com/repos/Shubhamverma94/-vague-cream-5370","forks_url":"https://api.github.com/repos/Shubhamverma94/-vague-cream-5370/forks","keys_url":"https://api.github.com/repos/Shubhamverma94/-vague-cream-5370/keys{/key_id}","collaborators_url":"https://api.github.com/repos/Shubhamverma94/-vague-cream-5370/collaborators{/collaborator}","teams_url":"https://api.github.com/repos/Shubhamverma94/-vague-cream-5370/teams","hooks_url":"https://api.github.com/repos/Shubhamverma94/-vague-cream-5370/hooks","issue_events_url":"https://api.github.com/repos/Shubhamverma94/-vague-cream-5370/issues/events{/number}","events_url":"https://api.github.com/repos/Shubhamverma94/-vague-cream-5370/events","assignees_url":"https://api.github.com/repos/Shubhamverma94/-vague-cream-5370/assignees{/user}","branches_url":"https://api.github.com/repos/Shubhamverma94/-vague-cream-5370/branches{/branch}","tags_url":"https://api.github.com/repos/Shubhamverma94/-vague-cream-5370/tags","blobs_url":"https://api.github.com/repos/Shubhamverma94/-vague-cream-5370/git/blobs{/sha}","git_tags_url":"https://api.github.com/repos/Shubhamverma94/-vague-cream-5370/git/tags{/sha}","git_refs_url":"https://api.github.com/repos/Shubhamverma94/-vague-cream-5370/git/refs{/sha}","trees_url":"https://api.github.com/repos/Shubhamverma94/-vague-cream-5370/git/trees{/sha}","statuses_url":"https://api.github.com/repos/Shubhamverma94/-vague-cream-5370/statuses/{sha}","languages_url":"https://api.github.com/repos/Shubhamverma94/-vague-cream-5370/languages","stargazers_url":"https://api.github.com/repos/Shubhamverma94/-vague-cream-5370/stargazers","contributors_url":"https://api.github.com/repos/Shubhamverma94/-vague-cream-5370/contributors","subscribers_url":"https://api.github.com/repos/Shubhamverma94/-vague-cream-5370/subscribers","subscription_url":"https://api.github.com/repos/Shubhamverma94/-vague-cream-5370/subscription","commits_url":"https://api.github.com/repos/Shubhamverma94/-vague-cream-5370/commits{/sha}","git_commits_url":"https://api.github.com/repos/Shubhamverma94/-vague-cream-5370/git/commits{/sha}","comments_url":"https://api.github.com/repos/Shubhamverma94/-vague-cream-5370/comments{/number}","issue_comment_url":"https://api.github.com/repos/Shubhamverma94/-vague-cream-5370/issues/comments{/number}","contents_url":"https://api.github.com/repos/Shubhamverma94/-vague-cream-5370/contents/{+path}","compare_url":"https://api.github.com/repos/Shubhamverma94/-vague-cream-5370/compare/{base}...{head}","merges_url":"https://api.github.com/repos/Shubhamverma94/-vague-cream-5370/merges","archive_url":"https://api.github.com/repos/Shubhamverma94/-vague-cream-5370/{archive_format}{/ref}","downloads_url":"https://api.github.com/repos/Shubhamverma94/-vague-cream-5370/downloads","issues_url":"https://api.github.com/repos/Shubhamverma94/-vague-cream-5370/issues{/number}","pulls_url":"https://api.github.com/repos/Shubhamverma94/-vague-cream-5370/pulls{/number}","milestones_url":"https://api.github.com/repos/Shubhamverma94/-vague-cream-5370/milestones{/number}","notifications_url":"https://api.github.com/repos/Shubhamverma94/-vague-cream-5370/notifications{?since,all,participating}","labels_url":"https://api.github.com/repos/Shubhamverma94/-vague-cream-5370/labels{/name}","releases_url":"https://api.github.com/repos/Shubhamverma94/-vague-cream-5370/releases{/id}","deployments_url":"https://api.github.com/repos/Shubhamverma94/-vague-cream-5370/deployments","created_at":"2022-09-27T17:22:42Z","updated_at":"2023-01-22T18:49:58Z","pushed_at":"2022-12-19T10:00:31Z","git_url":"git://github.com/Shubhamverma94/-vague-cream-5370.git","ssh_url":"git@github.com:Shubhamverma94/-vague-cream-5370.git","clone_url":"https://github.com/Shubhamverma94/-vague-cream-5370.git","svn_url":"https://github.com/Shubhamverma94/-vague-cream-5370","homepage":"https://apple-tv-byshubham.netlify.app/","size":30455,"stargazers_count":6,"watchers_count":6,"language":"JavaScript","has_issues":true,"has_projects":true,"has_downloads":true,"has_wiki":true,"has_pages":false,"has_discussions":false,"forks_count":0,"mirror_url":null,"archived":false,"disabled":false,"open_issues_count":0,"license":null,"allow_forking":true,"is_template":false,"web_commit_signoff_required":false,"topics":["css","html","javascript","react"],"visibility":"public","forks":0,"open_issues":0,"watchers":6,"default_branch":"main","permissions":{"admin":true,"maintain":true,"push":true,"triage":true,"pull":true}},{"id":646055190,"node_id":"R_kgDOJoIFFg","name":"BanjaraRide-Java-MT","full_name":"Shubhamverma94/BanjaraRide-Java-MT","private":false,"owner":{"login":"Shubhamverma94","id":103638279,"node_id":"U_kgDOBi1lBw","avatar_url":"https://avatars.githubusercontent.com/u/103638279?v=4","gravatar_id":"","url":"https://api.github.com/users/Shubhamverma94","html_url":"https://github.com/Shubhamverma94","followers_url":"https://api.github.com/users/Shubhamverma94/followers","following_url":"https://api.github.com/users/Shubhamverma94/following{/other_user}","gists_url":"https://api.github.com/users/Shubhamverma94/gists{/gist_id}","starred_url":"https://api.github.com/users/Shubhamverma94/starred{/owner}{/repo}","subscriptions_url":"https://api.github.com/users/Shubhamverma94/subscriptions","organizations_url":"https://api.github.com/users/Shubhamverma94/orgs","repos_url":"https://api.github.com/users/Shubhamverma94/repos","events_url":"https://api.github.com/users/Shubhamverma94/events{/privacy}","received_events_url":"https://api.github.com/users/Shubhamverma94/received_events","type":"User","site_admin":false},"html_url":"https://github.com/Shubhamverma94/BanjaraRide-Java-MT","description":null,"fork":false,"url":"https://api.github.com/repos/Shubhamverma94/BanjaraRide-Java-MT","forks_url":"https://api.github.com/repos/Shubhamverma94/BanjaraRide-Java-MT/forks","keys_url":"https://api.github.com/repos/Shubhamverma94/BanjaraRide-Java-MT/keys{/key_id}","collaborators_url":"https://api.github.com/repos/Shubhamverma94/BanjaraRide-Java-MT/collaborators{/collaborator}","teams_url":"https://api.github.com/repos/Shubhamverma94/BanjaraRide-Java-MT/teams","hooks_url":"https://api.github.com/repos/Shubhamverma94/BanjaraRide-Java-MT/hooks","issue_events_url":"https://api.github.com/repos/Shubhamverma94/BanjaraRide-Java-MT/issues/events{/number}","events_url":"https://api.github.com/repos/Shubhamverma94/BanjaraRide-Java-MT/events","assignees_url":"https://api.github.com/repos/Shubhamverma94/BanjaraRide-Java-MT/assignees{/user}","branches_url":"https://api.github.com/repos/Shubhamverma94/BanjaraRide-Java-MT/branches{/branch}","tags_url":"https://api.github.com/repos/Shubhamverma94/BanjaraRide-Java-MT/tags","blobs_url":"https://api.github.com/repos/Shubhamverma94/BanjaraRide-Java-MT/git/blobs{/sha}","git_tags_url":"https://api.github.com/repos/Shubhamverma94/BanjaraRide-Java-MT/git/tags{/sha}","git_refs_url":"https://api.github.com/repos/Shubhamverma94/BanjaraRide-Java-MT/git/refs{/sha}","trees_url":"https://api.github.com/repos/Shubhamverma94/BanjaraRide-Java-MT/git/trees{/sha}","statuses_url":"https://api.github.com/repos/Shubhamverma94/BanjaraRide-Java-MT/statuses/{sha}","languages_url":"https://api.github.com/repos/Shubhamverma94/BanjaraRide-Java-MT/languages","stargazers_url":"https://api.github.com/repos/Shubhamverma94/BanjaraRide-Java-MT/stargazers","contributors_url":"https://api.github.com/repos/Shubhamverma94/BanjaraRide-Java-MT/contributors","subscribers_url":"https://api.github.com/repos/Shubhamverma94/BanjaraRide-Java-MT/subscribers","subscription_url":"https://api.github.com/repos/Shubhamverma94/BanjaraRide-Java-MT/subscription","commits_url":"https://api.github.com/repos/Shubhamverma94/BanjaraRide-Java-MT/commits{/sha}","git_commits_url":"https://api.github.com/repos/Shubhamverma94/BanjaraRide-Java-MT/git/commits{/sha}","comments_url":"https://api.github.com/repos/Shubhamverma94/BanjaraRide-Java-MT/comments{/number}","issue_comment_url":"https://api.github.com/repos/Shubhamverma94/BanjaraRide-Java-MT/issues/comments{/number}","contents_url":"https://api.github.com/repos/Shubhamverma94/BanjaraRide-Java-MT/contents/{+path}","compare_url":"https://api.github.com/repos/Shubhamverma94/BanjaraRide-Java-MT/compare/{base}...{head}","merges_url":"https://api.github.com/repos/Shubhamverma94/BanjaraRide-Java-MT/merges","archive_url":"https://api.github.com/repos/Shubhamverma94/BanjaraRide-Java-MT/{archive_format}{/ref}","downloads_url":"https://api.github.com/repos/Shubhamverma94/BanjaraRide-Java-MT/downloads","issues_url":"https://api.github.com/repos/Shubhamverma94/BanjaraRide-Java-MT/issues{/number}","pulls_url":"https://api.github.com/repos/Shubhamverma94/BanjaraRide-Java-MT/pulls{/number}","milestones_url":"https://api.github.com/repos/Shubhamverma94/BanjaraRide-Java-MT/milestones{/number}","notifications_url":"https://api.github.com/repos/Shubhamverma94/BanjaraRide-Java-MT/notifications{?since,all,participating}","labels_url":"https://api.github.com/repos/Shubhamverma94/BanjaraRide-Java-MT/labels{/name}","releases_url":"https://api.github.com/repos/Shubhamverma94/BanjaraRide-Java-MT/releases{/id}","deployments_url":"https://api.github.com/repos/Shubhamverma94/BanjaraRide-Java-MT/deployments","created_at":"2023-05-27T06:23:04Z","updated_at":"2023-05-29T11:25:24Z","pushed_at":"2023-05-27T06:31:12Z","git_url":"git://github.com/Shubhamverma94/BanjaraRide-Java-MT.git","ssh_url":"git@github.com:Shubhamverma94/BanjaraRide-Java-MT.git","clone_url":"https://github.com/Shubhamverma94/BanjaraRide-Java-MT.git","svn_url":"https://github.com/Shubhamverma94/BanjaraRide-Java-MT","homepage":null,"size":6997,"stargazers_count":2,"watchers_count":2,"language":"HTML","has_issues":true,"has_projects":true,"has_downloads":true,"has_wiki":true,"has_pages":false,"has_discussions":false,"forks_count":0,"mirror_url":null,"archived":false,"disabled":false,"open_issues_count":0,"license":null,"allow_forking":true,"is_template":false,"web_commit_signoff_required":false,"topics":[],"visibility":"public","forks":0,"open_issues":0,"watchers":2,"default_branch":"master","permissions":{"admin":true,"maintain":true,"push":true,"triage":true,"pull":true}},{"id":585897041,"node_id":"R_kgDOIuwUUQ","name":"Book-CRUD-App","full_name":"Shubhamverma94/Book-CRUD-App","private":false,"owner":{"login":"Shubhamverma94","id":103638279,"node_id":"U_kgDOBi1lBw","avatar_url":"https://avatars.githubusercontent.com/u/103638279?v=4","gravatar_id":"","url":"https://api.github.com/users/Shubhamverma94","html_url":"https://github.com/Shubhamverma94","followers_url":"https://api.github.com/users/Shubhamverma94/followers","following_url":"https://api.github.com/users/Shubhamverma94/following{/other_user}","gists_url":"https://api.github.com/users/Shubhamverma94/gists{/gist_id}","starred_url":"https://api.github.com/users/Shubhamverma94/starred{/owner}{/repo}","subscriptions_url":"https://api.github.com/users/Shubhamverma94/subscriptions","organizations_url":"https://api.github.com/users/Shubhamverma94/orgs","repos_url":"https://api.github.com/users/Shubhamverma94/repos","events_url":"https://api.github.com/users/Shubhamverma94/events{/privacy}","received_events_url":"https://api.github.com/users/Shubhamverma94/received_events","type":"User","site_admin":false},"html_url":"https://github.com/Shubhamverma94/Book-CRUD-App","description":"Book CRUD App... Full functionality of all CRUD Operations i.e. Create, Read, Update and Delete","fork":false,"url":"https://api.github.com/repos/Shubhamverma94/Book-CRUD-App","forks_url":"https://api.github.com/repos/Shubhamverma94/Book-CRUD-App/forks","keys_url":"https://api.github.com/repos/Shubhamverma94/Book-CRUD-App/keys{/key_id}","collaborators_url":"https://api.github.com/repos/Shubhamverma94/Book-CRUD-App/collaborators{/collaborator}","teams_url":"https://api.github.com/repos/Shubhamverma94/Book-CRUD-App/teams","hooks_url":"https://api.github.com/repos/Shubhamverma94/Book-CRUD-App/hooks","issue_events_url":"https://api.github.com/repos/Shubhamverma94/Book-CRUD-App/issues/events{/number}","events_url":"https://api.github.com/repos/Shubhamverma94/Book-CRUD-App/events","assignees_url":"https://api.github.com/repos/Shubhamverma94/Book-CRUD-App/assignees{/user}","branches_url":"https://api.github.com/repos/Shubhamverma94/Book-CRUD-App/branches{/branch}","tags_url":"https://api.github.com/repos/Shubhamverma94/Book-CRUD-App/tags","blobs_url":"https://api.github.com/repos/Shubhamverma94/Book-CRUD-App/git/blobs{/sha}","git_tags_url":"https://api.github.com/repos/Shubhamverma94/Book-CRUD-App/git/tags{/sha}","git_refs_url":"https://api.github.com/repos/Shubhamverma94/Book-CRUD-App/git/refs{/sha}","trees_url":"https://api.github.com/repos/Shubhamverma94/Book-CRUD-App/git/trees{/sha}","statuses_url":"https://api.github.com/repos/Shubhamverma94/Book-CRUD-App/statuses/{sha}","languages_url":"https://api.github.com/repos/Shubhamverma94/Book-CRUD-App/languages","stargazers_url":"https://api.github.com/repos/Shubhamverma94/Book-CRUD-App/stargazers","contributors_url":"https://api.github.com/repos/Shubhamverma94/Book-CRUD-App/contributors","subscribers_url":"https://api.github.com/repos/Shubhamverma94/Book-CRUD-App/subscribers","subscription_url":"https://api.github.com/repos/Shubhamverma94/Book-CRUD-App/subscription","commits_url":"https://api.github.com/repos/Shubhamverma94/Book-CRUD-App/commits{/sha}","git_commits_url":"https://api.github.com/repos/Shubhamverma94/Book-CRUD-App/git/commits{/sha}","comments_url":"https://api.github.com/repos/Shubhamverma94/Book-CRUD-App/comments{/number}","issue_comment_url":"https://api.github.com/repos/Shubhamverma94/Book-CRUD-App/issues/comments{/number}","contents_url":"https://api.github.com/repos/Shubhamverma94/Book-CRUD-App/contents/{+path}","compare_url":"https://api.github.com/repos/Shubhamverma94/Book-CRUD-App/compare/{base}...{head}","merges_url":"https://api.github.com/repos/Shubhamverma94/Book-CRUD-App/merges","archive_url":"https://api.github.com/repos/Shubhamverma94/Book-CRUD-App/{archive_format}{/ref}","downloads_url":"https://api.github.com/repos/Shubhamverma94/Book-CRUD-App/downloads","issues_url":"https://api.github.com/repos/Shubhamverma94/Book-CRUD-App/issues{/number}","pulls_url":"https://api.github.com/repos/Shubhamverma94/Book-CRUD-App/pulls{/number}","milestones_url":"https://api.github.com/repos/Shubhamverma94/Book-CRUD-App/milestones{/number}","notifications_url":"https://api.github.com/repos/Shubhamverma94/Book-CRUD-App/notifications{?since,all,participating}","labels_url":"https://api.github.com/repos/Shubhamverma94/Book-CRUD-App/labels{/name}","releases_url":"https://api.github.com/repos/Shubhamverma94/Book-CRUD-App/releases{/id}","deployments_url":"https://api.github.com/repos/Shubhamverma94/Book-CRUD-App/deployments","created_at":"2023-01-06T11:33:02Z","updated_at":"2023-04-06T08:31:06Z","pushed_at":"2023-01-21T18:11:38Z","git_url":"git://github.com/Shubhamverma94/Book-CRUD-App.git","ssh_url":"git@github.com:Shubhamverma94/Book-CRUD-App.git","clone_url":"https://github.com/Shubhamverma94/Book-CRUD-App.git","svn_url":"https://github.com/Shubhamverma94/Book-CRUD-App","homepage":"","size":373,"stargazers_count":8,"watchers_count":8,"language":"JavaScript","has_issues":true,"has_projects":true,"has_downloads":true,"has_wiki":true,"has_pages":false,"has_discussions":false,"forks_count":2,"mirror_url":null,"archived":false,"disabled":false,"open_issues_count":0,"license":null,"allow_forking":true,"is_template":false,"web_commit_signoff_required":false,"topics":[],"visibility":"public","forks":2,"open_issues":0,"watchers":8,"default_branch":"main","permissions":{"admin":true,"maintain":true,"push":true,"triage":true,"pull":true}},{"id":641077821,"node_id":"R_kgDOJjYSPQ","name":"CypressJenkins","full_name":"Shubhamverma94/CypressJenkins","private":false,"owner":{"login":"Shubhamverma94","id":103638279,"node_id":"U_kgDOBi1lBw","avatar_url":"https://avatars.githubusercontent.com/u/103638279?v=4","gravatar_id":"","url":"https://api.github.com/users/Shubhamverma94","html_url":"https://github.com/Shubhamverma94","followers_url":"https://api.github.com/users/Shubhamverma94/followers","following_url":"https://api.github.com/users/Shubhamverma94/following{/other_user}","gists_url":"https://api.github.com/users/Shubhamverma94/gists{/gist_id}","starred_url":"https://api.github.com/users/Shubhamverma94/starred{/owner}{/repo}","subscriptions_url":"https://api.github.com/users/Shubhamverma94/subscriptions","organizations_url":"https://api.github.com/users/Shubhamverma94/orgs","repos_url":"https://api.github.com/users/Shubhamverma94/repos","events_url":"https://api.github.com/users/Shubhamverma94/events{/privacy}","received_events_url":"https://api.github.com/users/Shubhamverma94/received_events","type":"User","site_admin":false},"html_url":"https://github.com/Shubhamverma94/CypressJenkins","description":null,"fork":false,"url":"https://api.github.com/repos/Shubhamverma94/CypressJenkins","forks_url":"https://api.github.com/repos/Shubhamverma94/CypressJenkins/forks","keys_url":"https://api.github.com/repos/Shubhamverma94/CypressJenkins/keys{/key_id}","collaborators_url":"https://api.github.com/repos/Shubhamverma94/CypressJenkins/collaborators{/collaborator}","teams_url":"https://api.github.com/repos/Shubhamverma94/CypressJenkins/teams","hooks_url":"https://api.github.com/repos/Shubhamverma94/CypressJenkins/hooks","issue_events_url":"https://api.github.com/repos/Shubhamverma94/CypressJenkins/issues/events{/number}","events_url":"https://api.github.com/repos/Shubhamverma94/CypressJenkins/events","assignees_url":"https://api.github.com/repos/Shubhamverma94/CypressJenkins/assignees{/user}","branches_url":"https://api.github.com/repos/Shubhamverma94/CypressJenkins/branches{/branch}","tags_url":"https://api.github.com/repos/Shubhamverma94/CypressJenkins/tags","blobs_url":"https://api.github.com/repos/Shubhamverma94/CypressJenkins/git/blobs{/sha}","git_tags_url":"https://api.github.com/repos/Shubhamverma94/CypressJenkins/git/tags{/sha}","git_refs_url":"https://api.github.com/repos/Shubhamverma94/CypressJenkins/git/refs{/sha}","trees_url":"https://api.github.com/repos/Shubhamverma94/CypressJenkins/git/trees{/sha}","statuses_url":"https://api.github.com/repos/Shubhamverma94/CypressJenkins/statuses/{sha}","languages_url":"https://api.github.com/repos/Shubhamverma94/CypressJenkins/languages","stargazers_url":"https://api.github.com/repos/Shubhamverma94/CypressJenkins/stargazers","contributors_url":"https://api.github.com/repos/Shubhamverma94/CypressJenkins/contributors","subscribers_url":"https://api.github.com/repos/Shubhamverma94/CypressJenkins/subscribers","subscription_url":"https://api.github.com/repos/Shubhamverma94/CypressJenkins/subscription","commits_url":"https://api.github.com/repos/Shubhamverma94/CypressJenkins/commits{/sha}","git_commits_url":"https://api.github.com/repos/Shubhamverma94/CypressJenkins/git/commits{/sha}","comments_url":"https://api.github.com/repos/Shubhamverma94/CypressJenkins/comments{/number}","issue_comment_url":"https://api.github.com/repos/Shubhamverma94/CypressJenkins/issues/comments{/number}","contents_url":"https://api.github.com/repos/Shubhamverma94/CypressJenkins/contents/{+path}","compare_url":"https://api.github.com/repos/Shubhamverma94/CypressJenkins/compare/{base}...{head}","merges_url":"https://api.github.com/repos/Shubhamverma94/CypressJenkins/merges","archive_url":"https://api.github.com/repos/Shubhamverma94/CypressJenkins/{archive_format}{/ref}","downloads_url":"https://api.github.com/repos/Shubhamverma94/CypressJenkins/downloads","issues_url":"https://api.github.com/repos/Shubhamverma94/CypressJenkins/issues{/number}","pulls_url":"https://api.github.com/repos/Shubhamverma94/CypressJenkins/pulls{/number}","milestones_url":"https://api.github.com/repos/Shubhamverma94/CypressJenkins/milestones{/number}","notifications_url":"https://api.github.com/repos/Shubhamverma94/CypressJenkins/notifications{?since,all,participating}","labels_url":"https://api.github.com/repos/Shubhamverma94/CypressJenkins/labels{/name}","releases_url":"https://api.github.com/repos/Shubhamverma94/CypressJenkins/releases{/id}","deployments_url":"https://api.github.com/repos/Shubhamverma94/CypressJenkins/deployments","created_at":"2023-05-15T18:24:01Z","updated_at":"2023-05-15T18:49:37Z","pushed_at":"2023-05-16T17:54:54Z","git_url":"git://github.com/Shubhamverma94/CypressJenkins.git","ssh_url":"git@github.com:Shubhamverma94/CypressJenkins.git","clone_url":"https://github.com/Shubhamverma94/CypressJenkins.git","svn_url":"https://github.com/Shubhamverma94/CypressJenkins","homepage":null,"size":7957,"stargazers_count":0,"watchers_count":0,"language":"HTML","has_issues":true,"has_projects":true,"has_downloads":true,"has_wiki":true,"has_pages":false,"has_discussions":false,"forks_count":0,"mirror_url":null,"archived":false,"disabled":false,"open_issues_count":0,"license":null,"allow_forking":true,"is_template":false,"web_commit_signoff_required":false,"topics":[],"visibility":"public","forks":0,"open_issues":0,"watchers":0,"default_branch":"main","permissions":{"admin":true,"maintain":true,"push":true,"triage":true,"pull":true}},{"id":641557391,"node_id":"R_kgDOJj1jjw","name":"Cypress_Jenkins","full_name":"Shubhamverma94/Cypress_Jenkins","private":false,"owner":{"login":"Shubhamverma94","id":103638279,"node_id":"U_kgDOBi1lBw","avatar_url":"https://avatars.githubusercontent.com/u/103638279?v=4","gravatar_id":"","url":"https://api.github.com/users/Shubhamverma94","html_url":"https://github.com/Shubhamverma94","followers_url":"https://api.github.com/users/Shubhamverma94/followers","following_url":"https://api.github.com/users/Shubhamverma94/following{/other_user}","gists_url":"https://api.github.com/users/Shubhamverma94/gists{/gist_id}","starred_url":"https://api.github.com/users/Shubhamverma94/starred{/owner}{/repo}","subscriptions_url":"https://api.github.com/users/Shubhamverma94/subscriptions","organizations_url":"https://api.github.com/users/Shubhamverma94/orgs","repos_url":"https://api.github.com/users/Shubhamverma94/repos","events_url":"https://api.github.com/users/Shubhamverma94/events{/privacy}","received_events_url":"https://api.github.com/users/Shubhamverma94/received_events","type":"User","site_admin":false},"html_url":"https://github.com/Shubhamverma94/Cypress_Jenkins","description":null,"fork":false,"url":"https://api.github.com/repos/Shubhamverma94/Cypress_Jenkins","forks_url":"https://api.github.com/repos/Shubhamverma94/Cypress_Jenkins/forks","keys_url":"https://api.github.com/repos/Shubhamverma94/Cypress_Jenkins/keys{/key_id}","collaborators_url":"https://api.github.com/repos/Shubhamverma94/Cypress_Jenkins/collaborators{/collaborator}","teams_url":"https://api.github.com/repos/Shubhamverma94/Cypress_Jenkins/teams","hooks_url":"https://api.github.com/repos/Shubhamverma94/Cypress_Jenkins/hooks","issue_events_url":"https://api.github.com/repos/Shubhamverma94/Cypress_Jenkins/issues/events{/number}","events_url":"https://api.github.com/repos/Shubhamverma94/Cypress_Jenkins/events","assignees_url":"https://api.github.com/repos/Shubhamverma94/Cypress_Jenkins/assignees{/user}","branches_url":"https://api.github.com/repos/Shubhamverma94/Cypress_Jenkins/branches{/branch}","tags_url":"https://api.github.com/repos/Shubhamverma94/Cypress_Jenkins/tags","blobs_url":"https://api.github.com/repos/Shubhamverma94/Cypress_Jenkins/git/blobs{/sha}","git_tags_url":"https://api.github.com/repos/Shubhamverma94/Cypress_Jenkins/git/tags{/sha}","git_refs_url":"https://api.github.com/repos/Shubhamverma94/Cypress_Jenkins/git/refs{/sha}","trees_url":"https://api.github.com/repos/Shubhamverma94/Cypress_Jenkins/git/trees{/sha}","statuses_url":"https://api.github.com/repos/Shubhamverma94/Cypress_Jenkins/statuses/{sha}","languages_url":"https://api.github.com/repos/Shubhamverma94/Cypress_Jenkins/languages","stargazers_url":"https://api.github.com/repos/Shubhamverma94/Cypress_Jenkins/stargazers","contributors_url":"https://api.github.com/repos/Shubhamverma94/Cypress_Jenkins/contributors","subscribers_url":"https://api.github.com/repos/Shubhamverma94/Cypress_Jenkins/subscribers","subscription_url":"https://api.github.com/repos/Shubhamverma94/Cypress_Jenkins/subscription","commits_url":"https://api.github.com/repos/Shubhamverma94/Cypress_Jenkins/commits{/sha}","git_commits_url":"https://api.github.com/repos/Shubhamverma94/Cypress_Jenkins/git/commits{/sha}","comments_url":"https://api.github.com/repos/Shubhamverma94/Cypress_Jenkins/comments{/number}","issue_comment_url":"https://api.github.com/repos/Shubhamverma94/Cypress_Jenkins/issues/comments{/number}","contents_url":"https://api.github.com/repos/Shubhamverma94/Cypress_Jenkins/contents/{+path}","compare_url":"https://api.github.com/repos/Shubhamverma94/Cypress_Jenkins/compare/{base}...{head}","merges_url":"https://api.github.com/repos/Shubhamverma94/Cypress_Jenkins/merges","archive_url":"https://api.github.com/repos/Shubhamverma94/Cypress_Jenkins/{archive_format}{/ref}","downloads_url":"https://api.github.com/repos/Shubhamverma94/Cypress_Jenkins/downloads","issues_url":"https://api.github.com/repos/Shubhamverma94/Cypress_Jenkins/issues{/number}","pulls_url":"https://api.github.com/repos/Shubhamverma94/Cypress_Jenkins/pulls{/number}","milestones_url":"https://api.github.com/repos/Shubhamverma94/Cypress_Jenkins/milestones{/number}","notifications_url":"https://api.github.com/repos/Shubhamverma94/Cypress_Jenkins/notifications{?since,all,participating}","labels_url":"https://api.github.com/repos/Shubhamverma94/Cypress_Jenkins/labels{/name}","releases_url":"https://api.github.com/repos/Shubhamverma94/Cypress_Jenkins/releases{/id}","deployments_url":"https://api.github.com/repos/Shubhamverma94/Cypress_Jenkins/deployments","created_at":"2023-05-16T18:11:14Z","updated_at":"2023-05-16T18:18:55Z","pushed_at":"2023-05-16T18:18:48Z","git_url":"git://github.com/Shubhamverma94/Cypress_Jenkins.git","ssh_url":"git@github.com:Shubhamverma94/Cypress_Jenkins.git","clone_url":"https://github.com/Shubhamverma94/Cypress_Jenkins.git","svn_url":"https://github.com/Shubhamverma94/Cypress_Jenkins","homepage":null,"size":7654,"stargazers_count":0,"watchers_count":0,"language":"HTML","has_issues":true,"has_projects":true,"has_downloads":true,"has_wiki":true,"has_pages":false,"has_discussions":false,"forks_count":0,"mirror_url":null,"archived":false,"disabled":false,"open_issues_count":0,"license":null,"allow_forking":true,"is_template":false,"web_commit_signoff_required":false,"topics":[],"visibility":"public","forks":0,"open_issues":0,"watchers":0,"default_branch":"main","permissions":{"admin":true,"maintain":true,"push":true,"triage":true,"pull":true}},{"id":497856940,"node_id":"R_kgDOHayxrA","name":"Evaluation","full_name":"Shubhamverma94/Evaluation","private":false,"owner":{"login":"Shubhamverma94","id":103638279,"node_id":"U_kgDOBi1lBw","avatar_url":"https://avatars.githubusercontent.com/u/103638279?v=4","gravatar_id":"","url":"https://api.github.com/users/Shubhamverma94","html_url":"https://github.com/Shubhamverma94","followers_url":"https://api.github.com/users/Shubhamverma94/followers","following_url":"https://api.github.com/users/Shubhamverma94/following{/other_user}","gists_url":"https://api.github.com/users/Shubhamverma94/gists{/gist_id}","starred_url":"https://api.github.com/users/Shubhamverma94/starred{/owner}{/repo}","subscriptions_url":"https://api.github.com/users/Shubhamverma94/subscriptions","organizations_url":"https://api.github.com/users/Shubhamverma94/orgs","repos_url":"https://api.github.com/users/Shubhamverma94/repos","events_url":"https://api.github.com/users/Shubhamverma94/events{/privacy}","received_events_url":"https://api.github.com/users/Shubhamverma94/received_events","type":"User","site_admin":false},"html_url":"https://github.com/Shubhamverma94/Evaluation","description":null,"fork":false,"url":"https://api.github.com/repos/Shubhamverma94/Evaluation","forks_url":"https://api.github.com/repos/Shubhamverma94/Evaluation/forks","keys_url":"https://api.github.com/repos/Shubhamverma94/Evaluation/keys{/key_id}","collaborators_url":"https://api.github.com/repos/Shubhamverma94/Evaluation/collaborators{/collaborator}","teams_url":"https://api.github.com/repos/Shubhamverma94/Evaluation/teams","hooks_url":"https://api.github.com/repos/Shubhamverma94/Evaluation/hooks","issue_events_url":"https://api.github.com/repos/Shubhamverma94/Evaluation/issues/events{/number}","events_url":"https://api.github.com/repos/Shubhamverma94/Evaluation/events","assignees_url":"https://api.github.com/repos/Shubhamverma94/Evaluation/assignees{/user}","branches_url":"https://api.github.com/repos/Shubhamverma94/Evaluation/branches{/branch}","tags_url":"https://api.github.com/repos/Shubhamverma94/Evaluation/tags","blobs_url":"https://api.github.com/repos/Shubhamverma94/Evaluation/git/blobs{/sha}","git_tags_url":"https://api.github.com/repos/Shubhamverma94/Evaluation/git/tags{/sha}","git_refs_url":"https://api.github.com/repos/Shubhamverma94/Evaluation/git/refs{/sha}","trees_url":"https://api.github.com/repos/Shubhamverma94/Evaluation/git/trees{/sha}","statuses_url":"https://api.github.com/repos/Shubhamverma94/Evaluation/statuses/{sha}","languages_url":"https://api.github.com/repos/Shubhamverma94/Evaluation/languages","stargazers_url":"https://api.github.com/repos/Shubhamverma94/Evaluation/stargazers","contributors_url":"https://api.github.com/repos/Shubhamverma94/Evaluation/contributors","subscribers_url":"https://api.github.com/repos/Shubhamverma94/Evaluation/subscribers","subscription_url":"https://api.github.com/repos/Shubhamverma94/Evaluation/subscription","commits_url":"https://api.github.com/repos/Shubhamverma94/Evaluation/commits{/sha}","git_commits_url":"https://api.github.com/repos/Shubhamverma94/Evaluation/git/commits{/sha}","comments_url":"https://api.github.com/repos/Shubhamverma94/Evaluation/comments{/number}","issue_comment_url":"https://api.github.com/repos/Shubhamverma94/Evaluation/issues/comments{/number}","contents_url":"https://api.github.com/repos/Shubhamverma94/Evaluation/contents/{+path}","compare_url":"https://api.github.com/repos/Shubhamverma94/Evaluation/compare/{base}...{head}","merges_url":"https://api.github.com/repos/Shubhamverma94/Evaluation/merges","archive_url":"https://api.github.com/repos/Shubhamverma94/Evaluation/{archive_format}{/ref}","downloads_url":"https://api.github.com/repos/Shubhamverma94/Evaluation/downloads","issues_url":"https://api.github.com/repos/Shubhamverma94/Evaluation/issues{/number}","pulls_url":"https://api.github.com/repos/Shubhamverma94/Evaluation/pulls{/number}","milestones_url":"https://api.github.com/repos/Shubhamverma94/Evaluation/milestones{/number}","notifications_url":"https://api.github.com/repos/Shubhamverma94/Evaluation/notifications{?since,all,participating}","labels_url":"https://api.github.com/repos/Shubhamverma94/Evaluation/labels{/name}","releases_url":"https://api.github.com/repos/Shubhamverma94/Evaluation/releases{/id}","deployments_url":"https://api.github.com/repos/Shubhamverma94/Evaluation/deployments","created_at":"2022-05-30T08:37:00Z","updated_at":"2022-12-20T06:07:41Z","pushed_at":"2022-05-30T11:24:47Z","git_url":"git://github.com/Shubhamverma94/Evaluation.git","ssh_url":"git@github.com:Shubhamverma94/Evaluation.git","clone_url":"https://github.com/Shubhamverma94/Evaluation.git","svn_url":"https://github.com/Shubhamverma94/Evaluation","homepage":null,"size":1,"stargazers_count":2,"watchers_count":2,"language":"HTML","has_issues":true,"has_projects":true,"has_downloads":true,"has_wiki":true,"has_pages":false,"has_discussions":false,"forks_count":0,"mirror_url":null,"archived":false,"disabled":false,"open_issues_count":0,"license":null,"allow_forking":true,"is_template":false,"web_commit_signoff_required":false,"topics":[],"visibility":"public","forks":0,"open_issues":0,"watchers":2,"default_branch":"main","permissions":{"admin":true,"maintain":true,"push":true,"triage":true,"pull":true}},{"id":494953475,"node_id":"R_kgDOHYBkAw","name":"geekyproject","full_name":"Shubhamverma94/geekyproject","private":false,"owner":{"login":"Shubhamverma94","id":103638279,"node_id":"U_kgDOBi1lBw","avatar_url":"https://avatars.githubusercontent.com/u/103638279?v=4","gravatar_id":"","url":"https://api.github.com/users/Shubhamverma94","html_url":"https://github.com/Shubhamverma94","followers_url":"https://api.github.com/users/Shubhamverma94/followers","following_url":"https://api.github.com/users/Shubhamverma94/following{/other_user}","gists_url":"https://api.github.com/users/Shubhamverma94/gists{/gist_id}","starred_url":"https://api.github.com/users/Shubhamverma94/starred{/owner}{/repo}","subscriptions_url":"https://api.github.com/users/Shubhamverma94/subscriptions","organizations_url":"https://api.github.com/users/Shubhamverma94/orgs","repos_url":"https://api.github.com/users/Shubhamverma94/repos","events_url":"https://api.github.com/users/Shubhamverma94/events{/privacy}","received_events_url":"https://api.github.com/users/Shubhamverma94/received_events","type":"User","site_admin":false},"html_url":"https://github.com/Shubhamverma94/geekyproject","description":"first project on github","fork":false,"url":"https://api.github.com/repos/Shubhamverma94/geekyproject","forks_url":"https://api.github.com/repos/Shubhamverma94/geekyproject/forks","keys_url":"https://api.github.com/repos/Shubhamverma94/geekyproject/keys{/key_id}","collaborators_url":"https://api.github.com/repos/Shubhamverma94/geekyproject/collaborators{/collaborator}","teams_url":"https://api.github.com/repos/Shubhamverma94/geekyproject/teams","hooks_url":"https://api.github.com/repos/Shubhamverma94/geekyproject/hooks","issue_events_url":"https://api.github.com/repos/Shubhamverma94/geekyproject/issues/events{/number}","events_url":"https://api.github.com/repos/Shubhamverma94/geekyproject/events","assignees_url":"https://api.github.com/repos/Shubhamverma94/geekyproject/assignees{/user}","branches_url":"https://api.github.com/repos/Shubhamverma94/geekyproject/branches{/branch}","tags_url":"https://api.github.com/repos/Shubhamverma94/geekyproject/tags","blobs_url":"https://api.github.com/repos/Shubhamverma94/geekyproject/git/blobs{/sha}","git_tags_url":"https://api.github.com/repos/Shubhamverma94/geekyproject/git/tags{/sha}","git_refs_url":"https://api.github.com/repos/Shubhamverma94/geekyproject/git/refs{/sha}","trees_url":"https://api.github.com/repos/Shubhamverma94/geekyproject/git/trees{/sha}","statuses_url":"https://api.github.com/repos/Shubhamverma94/geekyproject/statuses/{sha}","languages_url":"https://api.github.com/repos/Shubhamverma94/geekyproject/languages","stargazers_url":"https://api.github.com/repos/Shubhamverma94/geekyproject/stargazers","contributors_url":"https://api.github.com/repos/Shubhamverma94/geekyproject/contributors","subscribers_url":"https://api.github.com/repos/Shubhamverma94/geekyproject/subscribers","subscription_url":"https://api.github.com/repos/Shubhamverma94/geekyproject/subscription","commits_url":"https://api.github.com/repos/Shubhamverma94/geekyproject/commits{/sha}","git_commits_url":"https://api.github.com/repos/Shubhamverma94/geekyproject/git/commits{/sha}","comments_url":"https://api.github.com/repos/Shubhamverma94/geekyproject/comments{/number}","issue_comment_url":"https://api.github.com/repos/Shubhamverma94/geekyproject/issues/comments{/number}","contents_url":"https://api.github.com/repos/Shubhamverma94/geekyproject/contents/{+path}","compare_url":"https://api.github.com/repos/Shubhamverma94/geekyproject/compare/{base}...{head}","merges_url":"https://api.github.com/repos/Shubhamverma94/geekyproject/merges","archive_url":"https://api.github.com/repos/Shubhamverma94/geekyproject/{archive_format}{/ref}","downloads_url":"https://api.github.com/repos/Shubhamverma94/geekyproject/downloads","issues_url":"https://api.github.com/repos/Shubhamverma94/geekyproject/issues{/number}","pulls_url":"https://api.github.com/repos/Shubhamverma94/geekyproject/pulls{/number}","milestones_url":"https://api.github.com/repos/Shubhamverma94/geekyproject/milestones{/number}","notifications_url":"https://api.github.com/repos/Shubhamverma94/geekyproject/notifications{?since,all,participating}","labels_url":"https://api.github.com/repos/Shubhamverma94/geekyproject/labels{/name}","releases_url":"https://api.github.com/repos/Shubhamverma94/geekyproject/releases{/id}","deployments_url":"https://api.github.com/repos/Shubhamverma94/geekyproject/deployments","created_at":"2022-05-22T03:56:02Z","updated_at":"2022-12-20T06:07:34Z","pushed_at":"2022-05-22T04:07:07Z","git_url":"git://github.com/Shubhamverma94/geekyproject.git","ssh_url":"git@github.com:Shubhamverma94/geekyproject.git","clone_url":"https://github.com/Shubhamverma94/geekyproject.git","svn_url":"https://github.com/Shubhamverma94/geekyproject","homepage":null,"size":0,"stargazers_count":2,"watchers_count":2,"language":"HTML","has_issues":true,"has_projects":true,"has_downloads":true,"has_wiki":true,"has_pages":false,"has_discussions":false,"forks_count":0,"mirror_url":null,"archived":false,"disabled":false,"open_issues_count":0,"license":null,"allow_forking":true,"is_template":false,"web_commit_signoff_required":false,"topics":[],"visibility":"public","forks":0,"open_issues":0,"watchers":2,"default_branch":"master","permissions":{"admin":true,"maintain":true,"push":true,"triage":true,"pull":true}},{"id":622945146,"node_id":"R_kgDOJSFjeg","name":"jenkins_cucumber","full_name":"Shubhamverma94/jenkins_cucumber","private":false,"owner":{"login":"Shubhamverma94","id":103638279,"node_id":"U_kgDOBi1lBw","avatar_url":"https://avatars.githubusercontent.com/u/103638279?v=4","gravatar_id":"","url":"https://api.github.com/users/Shubhamverma94","html_url":"https://github.com/Shubhamverma94","followers_url":"https://api.github.com/users/Shubhamverma94/followers","following_url":"https://api.github.com/users/Shubhamverma94/following{/other_user}","gists_url":"https://api.github.com/users/Shubhamverma94/gists{/gist_id}","starred_url":"https://api.github.com/users/Shubhamverma94/starred{/owner}{/repo}","subscriptions_url":"https://api.github.com/users/Shubhamverma94/subscriptions","organizations_url":"https://api.github.com/users/Shubhamverma94/orgs","repos_url":"https://api.github.com/users/Shubhamverma94/repos","events_url":"https://api.github.com/users/Shubhamverma94/events{/privacy}","received_events_url":"https://api.github.com/users/Shubhamverma94/received_events","type":"User","site_admin":false},"html_url":"https://github.com/Shubhamverma94/jenkins_cucumber","description":null,"fork":false,"url":"https://api.github.com/repos/Shubhamverma94/jenkins_cucumber","forks_url":"https://api.github.com/repos/Shubhamverma94/jenkins_cucumber/forks","keys_url":"https://api.github.com/repos/Shubhamverma94/jenkins_cucumber/keys{/key_id}","collaborators_url":"https://api.github.com/repos/Shubhamverma94/jenkins_cucumber/collaborators{/collaborator}","teams_url":"https://api.github.com/repos/Shubhamverma94/jenkins_cucumber/teams","hooks_url":"https://api.github.com/repos/Shubhamverma94/jenkins_cucumber/hooks","issue_events_url":"https://api.github.com/repos/Shubhamverma94/jenkins_cucumber/issues/events{/number}","events_url":"https://api.github.com/repos/Shubhamverma94/jenkins_cucumber/events","assignees_url":"https://api.github.com/repos/Shubhamverma94/jenkins_cucumber/assignees{/user}","branches_url":"https://api.github.com/repos/Shubhamverma94/jenkins_cucumber/branches{/branch}","tags_url":"https://api.github.com/repos/Shubhamverma94/jenkins_cucumber/tags","blobs_url":"https://api.github.com/repos/Shubhamverma94/jenkins_cucumber/git/blobs{/sha}","git_tags_url":"https://api.github.com/repos/Shubhamverma94/jenkins_cucumber/git/tags{/sha}","git_refs_url":"https://api.github.com/repos/Shubhamverma94/jenkins_cucumber/git/refs{/sha}","trees_url":"https://api.github.com/repos/Shubhamverma94/jenkins_cucumber/git/trees{/sha}","statuses_url":"https://api.github.com/repos/Shubhamverma94/jenkins_cucumber/statuses/{sha}","languages_url":"https://api.github.com/repos/Shubhamverma94/jenkins_cucumber/languages","stargazers_url":"https://api.github.com/repos/Shubhamverma94/jenkins_cucumber/stargazers","contributors_url":"https://api.github.com/repos/Shubhamverma94/jenkins_cucumber/contributors","subscribers_url":"https://api.github.com/repos/Shubhamverma94/jenkins_cucumber/subscribers","subscription_url":"https://api.github.com/repos/Shubhamverma94/jenkins_cucumber/subscription","commits_url":"https://api.github.com/repos/Shubhamverma94/jenkins_cucumber/commits{/sha}","git_commits_url":"https://api.github.com/repos/Shubhamverma94/jenkins_cucumber/git/commits{/sha}","comments_url":"https://api.github.com/repos/Shubhamverma94/jenkins_cucumber/comments{/number}","issue_comment_url":"https://api.github.com/repos/Shubhamverma94/jenkins_cucumber/issues/comments{/number}","contents_url":"https://api.github.com/repos/Shubhamverma94/jenkins_cucumber/contents/{+path}","compare_url":"https://api.github.com/repos/Shubhamverma94/jenkins_cucumber/compare/{base}...{head}","merges_url":"https://api.github.com/repos/Shubhamverma94/jenkins_cucumber/merges","archive_url":"https://api.github.com/repos/Shubhamverma94/jenkins_cucumber/{archive_format}{/ref}","downloads_url":"https://api.github.com/repos/Shubhamverma94/jenkins_cucumber/downloads","issues_url":"https://api.github.com/repos/Shubhamverma94/jenkins_cucumber/issues{/number}","pulls_url":"https://api.github.com/repos/Shubhamverma94/jenkins_cucumber/pulls{/number}","milestones_url":"https://api.github.com/repos/Shubhamverma94/jenkins_cucumber/milestones{/number}","notifications_url":"https://api.github.com/repos/Shubhamverma94/jenkins_cucumber/notifications{?since,all,participating}","labels_url":"https://api.github.com/repos/Shubhamverma94/jenkins_cucumber/labels{/name}","releases_url":"https://api.github.com/repos/Shubhamverma94/jenkins_cucumber/releases{/id}","deployments_url":"https://api.github.com/repos/Shubhamverma94/jenkins_cucumber/deployments","created_at":"2023-04-03T11:39:36Z","updated_at":"2023-04-03T11:42:30Z","pushed_at":"2023-04-03T11:42:25Z","git_url":"git://github.com/Shubhamverma94/jenkins_cucumber.git","ssh_url":"git@github.com:Shubhamverma94/jenkins_cucumber.git","clone_url":"https://github.com/Shubhamverma94/jenkins_cucumber.git","svn_url":"https://github.com/Shubhamverma94/jenkins_cucumber","homepage":null,"size":57,"stargazers_count":0,"watchers_count":0,"language":"HTML","has_issues":true,"has_projects":true,"has_downloads":true,"has_wiki":true,"has_pages":false,"has_discussions":false,"forks_count":0,"mirror_url":null,"archived":false,"disabled":false,"open_issues_count":0,"license":null,"allow_forking":true,"is_template":false,"web_commit_signoff_required":false,"topics":[],"visibility":"public","forks":0,"open_issues":0,"watchers":0,"default_branch":"main","permissions":{"admin":true,"maintain":true,"push":true,"triage":true,"pull":true}},{"id":627405954,"node_id":"R_kgDOJWV0gg","name":"karanatakaTourism","full_name":"Shubhamverma94/karanatakaTourism","private":false,"owner":{"login":"Shubhamverma94","id":103638279,"node_id":"U_kgDOBi1lBw","avatar_url":"https://avatars.githubusercontent.com/u/103638279?v=4","gravatar_id":"","url":"https://api.github.com/users/Shubhamverma94","html_url":"https://github.com/Shubhamverma94","followers_url":"https://api.github.com/users/Shubhamverma94/followers","following_url":"https://api.github.com/users/Shubhamverma94/following{/other_user}","gists_url":"https://api.github.com/users/Shubhamverma94/gists{/gist_id}","starred_url":"https://api.github.com/users/Shubhamverma94/starred{/owner}{/repo}","subscriptions_url":"https://api.github.com/users/Shubhamverma94/subscriptions","organizations_url":"https://api.github.com/users/Shubhamverma94/orgs","repos_url":"https://api.github.com/users/Shubhamverma94/repos","events_url":"https://api.github.com/users/Shubhamverma94/events{/privacy}","received_events_url":"https://api.github.com/users/Shubhamverma94/received_events","type":"User","site_admin":false},"html_url":"https://github.com/Shubhamverma94/karanatakaTourism","description":null,"fork":false,"url":"https://api.github.com/repos/Shubhamverma94/karanatakaTourism","forks_url":"https://api.github.com/repos/Shubhamverma94/karanatakaTourism/forks","keys_url":"https://api.github.com/repos/Shubhamverma94/karanatakaTourism/keys{/key_id}","collaborators_url":"https://api.github.com/repos/Shubhamverma94/karanatakaTourism/collaborators{/collaborator}","teams_url":"https://api.github.com/repos/Shubhamverma94/karanatakaTourism/teams","hooks_url":"https://api.github.com/repos/Shubhamverma94/karanatakaTourism/hooks","issue_events_url":"https://api.github.com/repos/Shubhamverma94/karanatakaTourism/issues/events{/number}","events_url":"https://api.github.com/repos/Shubhamverma94/karanatakaTourism/events","assignees_url":"https://api.github.com/repos/Shubhamverma94/karanatakaTourism/assignees{/user}","branches_url":"https://api.github.com/repos/Shubhamverma94/karanatakaTourism/branches{/branch}","tags_url":"https://api.github.com/repos/Shubhamverma94/karanatakaTourism/tags","blobs_url":"https://api.github.com/repos/Shubhamverma94/karanatakaTourism/git/blobs{/sha}","git_tags_url":"https://api.github.com/repos/Shubhamverma94/karanatakaTourism/git/tags{/sha}","git_refs_url":"https://api.github.com/repos/Shubhamverma94/karanatakaTourism/git/refs{/sha}","trees_url":"https://api.github.com/repos/Shubhamverma94/karanatakaTourism/git/trees{/sha}","statuses_url":"https://api.github.com/repos/Shubhamverma94/karanatakaTourism/statuses/{sha}","languages_url":"https://api.github.com/repos/Shubhamverma94/karanatakaTourism/languages","stargazers_url":"https://api.github.com/repos/Shubhamverma94/karanatakaTourism/stargazers","contributors_url":"https://api.github.com/repos/Shubhamverma94/karanatakaTourism/contributors","subscribers_url":"https://api.github.com/repos/Shubhamverma94/karanatakaTourism/subscribers","subscription_url":"https://api.github.com/repos/Shubhamverma94/karanatakaTourism/subscription","commits_url":"https://api.github.com/repos/Shubhamverma94/karanatakaTourism/commits{/sha}","git_commits_url":"https://api.github.com/repos/Shubhamverma94/karanatakaTourism/git/commits{/sha}","comments_url":"https://api.github.com/repos/Shubhamverma94/karanatakaTourism/comments{/number}","issue_comment_url":"https://api.github.com/repos/Shubhamverma94/karanatakaTourism/issues/comments{/number}","contents_url":"https://api.github.com/repos/Shubhamverma94/karanatakaTourism/contents/{+path}","compare_url":"https://api.github.com/repos/Shubhamverma94/karanatakaTourism/compare/{base}...{head}","merges_url":"https://api.github.com/repos/Shubhamverma94/karanatakaTourism/merges","archive_url":"https://api.github.com/repos/Shubhamverma94/karanatakaTourism/{archive_format}{/ref}","downloads_url":"https://api.github.com/repos/Shubhamverma94/karanatakaTourism/downloads","issues_url":"https://api.github.com/repos/Shubhamverma94/karanatakaTourism/issues{/number}","pulls_url":"https://api.github.com/repos/Shubhamverma94/karanatakaTourism/pulls{/number}","milestones_url":"https://api.github.com/repos/Shubhamverma94/karanatakaTourism/milestones{/number}","notifications_url":"https://api.github.com/repos/Shubhamverma94/karanatakaTourism/notifications{?since,all,participating}","labels_url":"https://api.github.com/repos/Shubhamverma94/karanatakaTourism/labels{/name}","releases_url":"https://api.github.com/repos/Shubhamverma94/karanatakaTourism/releases{/id}","deployments_url":"https://api.github.com/repos/Shubhamverma94/karanatakaTourism/deployments","created_at":"2023-04-13T12:01:25Z","updated_at":"2023-04-13T12:01:25Z","pushed_at":"2023-04-13T12:01:25Z","git_url":"git://github.com/Shubhamverma94/karanatakaTourism.git","ssh_url":"git@github.com:Shubhamverma94/karanatakaTourism.git","clone_url":"https://github.com/Shubhamverma94/karanatakaTourism.git","svn_url":"https://github.com/Shubhamverma94/karanatakaTourism","homepage":null,"size":0,"stargazers_count":0,"watchers_count":0,"language":null,"has_issues":true,"has_projects":true,"has_downloads":true,"has_wiki":true,"has_pages":false,"has_discussions":false,"forks_count":0,"mirror_url":null,"archived":false,"disabled":false,"open_issues_count":0,"license":null,"allow_forking":true,"is_template":false,"web_commit_signoff_required":false,"topics":[],"visibility":"public","forks":0,"open_issues":0,"watchers":0,"default_branch":"main","permissions":{"admin":true,"maintain":true,"push":true,"triage":true,"pull":true}},{"id":646029231,"node_id":"R_kgDOJoGfrw","name":"KhanAcademy-POM-MT","full_name":"Shubhamverma94/KhanAcademy-POM-MT","private":false,"owner":{"login":"Shubhamverma94","id":103638279,"node_id":"U_kgDOBi1lBw","avatar_url":"https://avatars.githubusercontent.com/u/103638279?v=4","gravatar_id":"","url":"https://api.github.com/users/Shubhamverma94","html_url":"https://github.com/Shubhamverma94","followers_url":"https://api.github.com/users/Shubhamverma94/followers","following_url":"https://api.github.com/users/Shubhamverma94/following{/other_user}","gists_url":"https://api.github.com/users/Shubhamverma94/gists{/gist_id}","starred_url":"https://api.github.com/users/Shubhamverma94/starred{/owner}{/repo}","subscriptions_url":"https://api.github.com/users/Shubhamverma94/subscriptions","organizations_url":"https://api.github.com/users/Shubhamverma94/orgs","repos_url":"https://api.github.com/users/Shubhamverma94/repos","events_url":"https://api.github.com/users/Shubhamverma94/events{/privacy}","received_events_url":"https://api.github.com/users/Shubhamverma94/received_events","type":"User","site_admin":false},"html_url":"https://github.com/Shubhamverma94/KhanAcademy-POM-MT","description":null,"fork":false,"url":"https://api.github.com/repos/Shubhamverma94/KhanAcademy-POM-MT","forks_url":"https://api.github.com/repos/Shubhamverma94/KhanAcademy-POM-MT/forks","keys_url":"https://api.github.com/repos/Shubhamverma94/KhanAcademy-POM-MT/keys{/key_id}","collaborators_url":"https://api.github.com/repos/Shubhamverma94/KhanAcademy-POM-MT/collaborators{/collaborator}","teams_url":"https://api.github.com/repos/Shubhamverma94/KhanAcademy-POM-MT/teams","hooks_url":"https://api.github.com/repos/Shubhamverma94/KhanAcademy-POM-MT/hooks","issue_events_url":"https://api.github.com/repos/Shubhamverma94/KhanAcademy-POM-MT/issues/events{/number}","events_url":"https://api.github.com/repos/Shubhamverma94/KhanAcademy-POM-MT/events","assignees_url":"https://api.github.com/repos/Shubhamverma94/KhanAcademy-POM-MT/assignees{/user}","branches_url":"https://api.github.com/repos/Shubhamverma94/KhanAcademy-POM-MT/branches{/branch}","tags_url":"https://api.github.com/repos/Shubhamverma94/KhanAcademy-POM-MT/tags","blobs_url":"https://api.github.com/repos/Shubhamverma94/KhanAcademy-POM-MT/git/blobs{/sha}","git_tags_url":"https://api.github.com/repos/Shubhamverma94/KhanAcademy-POM-MT/git/tags{/sha}","git_refs_url":"https://api.github.com/repos/Shubhamverma94/KhanAcademy-POM-MT/git/refs{/sha}","trees_url":"https://api.github.com/repos/Shubhamverma94/KhanAcademy-POM-MT/git/trees{/sha}","statuses_url":"https://api.github.com/repos/Shubhamverma94/KhanAcademy-POM-MT/statuses/{sha}","languages_url":"https://api.github.com/repos/Shubhamverma94/KhanAcademy-POM-MT/languages","stargazers_url":"https://api.github.com/repos/Shubhamverma94/KhanAcademy-POM-MT/stargazers","contributors_url":"https://api.github.com/repos/Shubhamverma94/KhanAcademy-POM-MT/contributors","subscribers_url":"https://api.github.com/repos/Shubhamverma94/KhanAcademy-POM-MT/subscribers","subscription_url":"https://api.github.com/repos/Shubhamverma94/KhanAcademy-POM-MT/subscription","commits_url":"https://api.github.com/repos/Shubhamverma94/KhanAcademy-POM-MT/commits{/sha}","git_commits_url":"https://api.github.com/repos/Shubhamverma94/KhanAcademy-POM-MT/git/commits{/sha}","comments_url":"https://api.github.com/repos/Shubhamverma94/KhanAcademy-POM-MT/comments{/number}","issue_comment_url":"https://api.github.com/repos/Shubhamverma94/KhanAcademy-POM-MT/issues/comments{/number}","contents_url":"https://api.github.com/repos/Shubhamverma94/KhanAcademy-POM-MT/contents/{+path}","compare_url":"https://api.github.com/repos/Shubhamverma94/KhanAcademy-POM-MT/compare/{base}...{head}","merges_url":"https://api.github.com/repos/Shubhamverma94/KhanAcademy-POM-MT/merges","archive_url":"https://api.github.com/repos/Shubhamverma94/KhanAcademy-POM-MT/{archive_format}{/ref}","downloads_url":"https://api.github.com/repos/Shubhamverma94/KhanAcademy-POM-MT/downloads","issues_url":"https://api.github.com/repos/Shubhamverma94/KhanAcademy-POM-MT/issues{/number}","pulls_url":"https://api.github.com/repos/Shubhamverma94/KhanAcademy-POM-MT/pulls{/number}","milestones_url":"https://api.github.com/repos/Shubhamverma94/KhanAcademy-POM-MT/milestones{/number}","notifications_url":"https://api.github.com/repos/Shubhamverma94/KhanAcademy-POM-MT/notifications{?since,all,participating}","labels_url":"https://api.github.com/repos/Shubhamverma94/KhanAcademy-POM-MT/labels{/name}","releases_url":"https://api.github.com/repos/Shubhamverma94/KhanAcademy-POM-MT/releases{/id}","deployments_url":"https://api.github.com/repos/Shubhamverma94/KhanAcademy-POM-MT/deployments","created_at":"2023-05-27T04:14:42Z","updated_at":"2023-05-29T11:25:47Z","pushed_at":"2023-05-27T06:13:32Z","git_url":"git://github.com/Shubhamverma94/KhanAcademy-POM-MT.git","ssh_url":"git@github.com:Shubhamverma94/KhanAcademy-POM-MT.git","clone_url":"https://github.com/Shubhamverma94/KhanAcademy-POM-MT.git","svn_url":"https://github.com/Shubhamverma94/KhanAcademy-POM-MT","homepage":null,"size":129793,"stargazers_count":2,"watchers_count":2,"language":"JavaScript","has_issues":true,"has_projects":true,"has_downloads":true,"has_wiki":true,"has_pages":false,"has_discussions":false,"forks_count":0,"mirror_url":null,"archived":false,"disabled":false,"open_issues_count":0,"license":null,"allow_forking":true,"is_template":false,"web_commit_signoff_required":false,"topics":[],"visibility":"public","forks":0,"open_issues":0,"watchers":2,"default_branch":"main","permissions":{"admin":true,"maintain":true,"push":true,"triage":true,"pull":true}},{"id":642892329,"node_id":"R_kgDOJlHCKQ","name":"LifeStyle-Store","full_name":"Shubhamverma94/LifeStyle-Store","private":false,"owner":{"login":"Shubhamverma94","id":103638279,"node_id":"U_kgDOBi1lBw","avatar_url":"https://avatars.githubusercontent.com/u/103638279?v=4","gravatar_id":"","url":"https://api.github.com/users/Shubhamverma94","html_url":"https://github.com/Shubhamverma94","followers_url":"https://api.github.com/users/Shubhamverma94/followers","following_url":"https://api.github.com/users/Shubhamverma94/following{/other_user}","gists_url":"https://api.github.com/users/Shubhamverma94/gists{/gist_id}","starred_url":"https://api.github.com/users/Shubhamverma94/starred{/owner}{/repo}","subscriptions_url":"https://api.github.com/users/Shubhamverma94/subscriptions","organizations_url":"https://api.github.com/users/Shubhamverma94/orgs","repos_url":"https://api.github.com/users/Shubhamverma94/repos","events_url":"https://api.github.com/users/Shubhamverma94/events{/privacy}","received_events_url":"https://api.github.com/users/Shubhamverma94/received_events","type":"User","site_admin":false},"html_url":"https://github.com/Shubhamverma94/LifeStyle-Store","description":null,"fork":false,"url":"https://api.github.com/repos/Shubhamverma94/LifeStyle-Store","forks_url":"https://api.github.com/repos/Shubhamverma94/LifeStyle-Store/forks","keys_url":"https://api.github.com/repos/Shubhamverma94/LifeStyle-Store/keys{/key_id}","collaborators_url":"https://api.github.com/repos/Shubhamverma94/LifeStyle-Store/collaborators{/collaborator}","teams_url":"https://api.github.com/repos/Shubhamverma94/LifeStyle-Store/teams","hooks_url":"https://api.github.com/repos/Shubhamverma94/LifeStyle-Store/hooks","issue_events_url":"https://api.github.com/repos/Shubhamverma94/LifeStyle-Store/issues/events{/number}","events_url":"https://api.github.com/repos/Shubhamverma94/LifeStyle-Store/events","assignees_url":"https://api.github.com/repos/Shubhamverma94/LifeStyle-Store/assignees{/user}","branches_url":"https://api.github.com/repos/Shubhamverma94/LifeStyle-Store/branches{/branch}","tags_url":"https://api.github.com/repos/Shubhamverma94/LifeStyle-Store/tags","blobs_url":"https://api.github.com/repos/Shubhamverma94/LifeStyle-Store/git/blobs{/sha}","git_tags_url":"https://api.github.com/repos/Shubhamverma94/LifeStyle-Store/git/tags{/sha}","git_refs_url":"https://api.github.com/repos/Shubhamverma94/LifeStyle-Store/git/refs{/sha}","trees_url":"https://api.github.com/repos/Shubhamverma94/LifeStyle-Store/git/trees{/sha}","statuses_url":"https://api.github.com/repos/Shubhamverma94/LifeStyle-Store/statuses/{sha}","languages_url":"https://api.github.com/repos/Shubhamverma94/LifeStyle-Store/languages","stargazers_url":"https://api.github.com/repos/Shubhamverma94/LifeStyle-Store/stargazers","contributors_url":"https://api.github.com/repos/Shubhamverma94/LifeStyle-Store/contributors","subscribers_url":"https://api.github.com/repos/Shubhamverma94/LifeStyle-Store/subscribers","subscription_url":"https://api.github.com/repos/Shubhamverma94/LifeStyle-Store/subscription","commits_url":"https://api.github.com/repos/Shubhamverma94/LifeStyle-Store/commits{/sha}","git_commits_url":"https://api.github.com/repos/Shubhamverma94/LifeStyle-Store/git/commits{/sha}","comments_url":"https://api.github.com/repos/Shubhamverma94/LifeStyle-Store/comments{/number}","issue_comment_url":"https://api.github.com/repos/Shubhamverma94/LifeStyle-Store/issues/comments{/number}","contents_url":"https://api.github.com/repos/Shubhamverma94/LifeStyle-Store/contents/{+path}","compare_url":"https://api.github.com/repos/Shubhamverma94/LifeStyle-Store/compare/{base}...{head}","merges_url":"https://api.github.com/repos/Shubhamverma94/LifeStyle-Store/merges","archive_url":"https://api.github.com/repos/Shubhamverma94/LifeStyle-Store/{archive_format}{/ref}","downloads_url":"https://api.github.com/repos/Shubhamverma94/LifeStyle-Store/downloads","issues_url":"https://api.github.com/repos/Shubhamverma94/LifeStyle-Store/issues{/number}","pulls_url":"https://api.github.com/repos/Shubhamverma94/LifeStyle-Store/pulls{/number}","milestones_url":"https://api.github.com/repos/Shubhamverma94/LifeStyle-Store/milestones{/number}","notifications_url":"https://api.github.com/repos/Shubhamverma94/LifeStyle-Store/notifications{?since,all,participating}","labels_url":"https://api.github.com/repos/Shubhamverma94/LifeStyle-Store/labels{/name}","releases_url":"https://api.github.com/repos/Shubhamverma94/LifeStyle-Store/releases{/id}","deployments_url":"https://api.github.com/repos/Shubhamverma94/LifeStyle-Store/deployments","created_at":"2023-05-19T15:25:41Z","updated_at":"2023-05-19T15:31:04Z","pushed_at":"2023-05-19T15:30:54Z","git_url":"git://github.com/Shubhamverma94/LifeStyle-Store.git","ssh_url":"git@github.com:Shubhamverma94/LifeStyle-Store.git","clone_url":"https://github.com/Shubhamverma94/LifeStyle-Store.git","svn_url":"https://github.com/Shubhamverma94/LifeStyle-Store","homepage":null,"size":30357,"stargazers_count":0,"watchers_count":0,"language":"HTML","has_issues":true,"has_projects":true,"has_downloads":true,"has_wiki":true,"has_pages":false,"has_discussions":false,"forks_count":0,"mirror_url":null,"archived":false,"disabled":false,"open_issues_count":0,"license":null,"allow_forking":true,"is_template":false,"web_commit_signoff_required":false,"topics":[],"visibility":"public","forks":0,"open_issues":0,"watchers":0,"default_branch":"main","permissions":{"admin":true,"maintain":true,"push":true,"triage":true,"pull":true}},{"id":592213432,"node_id":"R_kgDOI0x1uA","name":"masai-kart-FlipKart-Clone","full_name":"Shubhamverma94/masai-kart-FlipKart-Clone","private":false,"owner":{"login":"Shubhamverma94","id":103638279,"node_id":"U_kgDOBi1lBw","avatar_url":"https://avatars.githubusercontent.com/u/103638279?v=4","gravatar_id":"","url":"https://api.github.com/users/Shubhamverma94","html_url":"https://github.com/Shubhamverma94","followers_url":"https://api.github.com/users/Shubhamverma94/followers","following_url":"https://api.github.com/users/Shubhamverma94/following{/other_user}","gists_url":"https://api.github.com/users/Shubhamverma94/gists{/gist_id}","starred_url":"https://api.github.com/users/Shubhamverma94/starred{/owner}{/repo}","subscriptions_url":"https://api.github.com/users/Shubhamverma94/subscriptions","organizations_url":"https://api.github.com/users/Shubhamverma94/orgs","repos_url":"https://api.github.com/users/Shubhamverma94/repos","events_url":"https://api.github.com/users/Shubhamverma94/events{/privacy}","received_events_url":"https://api.github.com/users/Shubhamverma94/received_events","type":"User","site_admin":false}
[...]
hub.com/repos/collectiveidea/calendar_builder/labels{/name}","releases_url":"https://api.github.com/repos/collectiveidea/calendar_builder/releases{/id}","deployments_url":"https://api.github.com/repos/collectiveidea/calendar_builder/deployments"},{"id":368,"node_id":"MDEwOlJlcG9zaXRvcnkzNjg=","name":"clear_empty_attributes","full_name":"collectiveidea/clear_empty_attributes","private":false,"owner":{"login":"collectiveidea","id":128,"node_id":"MDEyOk9yZ2FuaXphdGlvbjEyOA==","avatar_url":"https://avatars.githubusercontent.com/u/128?v=4","gravatar_id":"","url":"https://api.github.com/users/collectiveidea","html_url":"https://github.com/collectiveidea","followers_url":"https://api.github.com/users/collectiveidea/followers","following_url":"https://api.github.com/users/collectiveidea/following{/other_user}","gists_url":"https://api.github.com/users/collectiveidea/gists{/gist_id}","starred_url":"https://api.github.com/users/collectiveidea/starred{/owner}{/repo}","subscriptions_url":"https://api.github.com/users/collectiveidea/subscriptions","organizations_url":"https://api.github.com/users/collectiveidea/orgs","repos_url":"https://api.github.com/users/collectiveidea/repos","events_url":"https://api.github.com/users/collectiveidea/events{/privacy}","received_events_url":"https://api.github.com/users/collectiveidea/received_events","type":"Organization","site_admin":false},"html_url":"https://github.com/collectiveidea/clear_empty_attributes","description":"When Active Record objects are saved from a form, empty fields are saved as empty strings instead of nil.  This kills most validations.","fork":false,"url":"https://api.github.com/repos/collectiveidea/clear_empty_attributes","forks_url":"https://api.github.com/repos/collectiveidea/clear_empty_attributes/forks","keys_url":"https://api.github.com/repos/collectiveidea/clear_empty_attributes/keys{/key_id}","collaborators_url":"https://api.github.com/repos/collectiveidea/clear_empty_attributes/collaborators{/collaborator}","teams_url":"https://api.github.com/repos/collectiveidea/clear_empty_attributes/teams","hooks_url":"https://api.github.com/repos/collectiveidea/clear_empty_attributes/hooks","issue_events_url":"https://api.github.com/repos/collectiveidea/clear_empty_attributes/issues/events{/number}","events_url":"https://api.github.com/repos/collectiveidea/clear_empty_attributes/events","assignees_url":"https://api.github.com/repos/collectiveidea/clear_empty_attributes/assignees{/user}","branches_url":"https://api.github.com/repos/collectiveidea/clear_empty_attributes/branches{/branch}","tags_url":"https://api.github.com/repos/collectiveidea/clear_empty_attributes/tags","blobs_url":"https://api.github.com/repos/collectiveidea/clear_empty_attributes/git/blobs{/sha}","git_tags_url":"https://api.github.com/repos/collectiveidea/clear_empty_attributes/git/tags{/sha}","git_refs_url":"https://api.github.com/repos/collectiveidea/clear_empty_attributes/git/refs{/sha}","trees_url":"https://api.github.com/repos/collectiveidea/clear_empty_attributes/git/trees{/sha}","statuses_url":"https://api.github.com/repos/collectiveidea/clear_empty_attributes/statuses/{sha}","languages_url":"https://api.github.com/repos/collectiveidea/clear_empty_attributes/languages","stargazers_url":"https://api.github.com/repos/collectiveidea/clear_empty_attributes/stargazers","contributors_url":"https://api.github.com/repos/collectiveidea/clear_empty_attributes/contributors","subscribers_url":"https://api.github.com/repos/collectiveidea/clear_empty_attributes/subscribers","subscription_url":"https://api.github.com/repos/collectiveidea/clear_empty_attributes/subscription","commits_url":"https://api.github.com/repos/collectiveidea/clear_empty_attributes/commits{/sha}","git_commits_url":"https://api.github.com/repos/collectiveidea/clear_empty_attributes/git/commits{/sha}","comments_url":"https://api.github.com/repos/collectiveidea/clear_empty_attributes/comments{/number}","issue_comment_url":"https://api.github.com/repos/collectiveidea/clear_empty_attributes/issues/comments{/number}","contents_url":"https://api.github.com/repos/collectiveidea/clear_empty_attributes/contents/{+path}","compare_url":"https://api.github.com/repos/collectiveidea/clear_empty_attributes/compare/{base}...{head}","merges_url":"https://api.github.com/repos/collectiveidea/clear_empty_attributes/merges","archive_url":"https://api.github.com/repos/collectiveidea/clear_empty_attributes/{archive_format}{/ref}","downloads_url":"https://api.github.com/repos/collectiveidea/clear_empty_attributes/downloads","issues_url":"https://api.github.com/repos/collectiveidea/clear_empty_attributes/issues{/number}","pulls_url":"https://api.github.com/repos/collectiveidea/clear_empty_attributes/pulls{/number}","milestones_url":"https://api.github.com/repos/collectiveidea/clear_empty_attributes/milestones{/number}","notifications_url":"https://api.github.com/repos/collectiveidea/clear_empty_attributes/notifications{?since,all,participating}","labels_url":"https://api.github.com/repos/collectiveidea/clear_empty_attributes/labels{/name}","releases_url":"https://api.github.com/repos/collectiveidea/clear_empty_attributes/releases{/id}","deployments_url":"https://api.github.com/repos/collectiveidea/clear_empty_attributes/deployments"},{"id":369,"node_id":"MDEwOlJlcG9zaXRvcnkzNjk=","name":"css_naked_day","full_name":"collectiveidea/css_naked_day","private":false,"owner":{"login":"collectiveidea","id":128,"node_id":"MDEyOk9yZ2FuaXphdGlvbjEyOA==","avatar_url":"https://avatars.githubusercontent.com/u/128?v=4","gravatar_id":"","url":"https://api.github.com/users/collectiveidea","html_url":"https://github.com/collectiveidea","followers_url":"https://api.github.com/users/collectiveidea/followers","following_url":"https://api.github.com/users/collectiveidea/following{/other_user}","gists_url":"https://api.github.com/users/collectiveidea/gists{/gist_id}","starred_url":"https://api.github.com/users/collectiveidea/starred{/owner}{/repo}","subscriptions_url":"https://api.github.com/users/collectiveidea/subscriptions","organizations_url":"https://api.github.com/users/collectiveidea/orgs","repos_url":"https://api.github.com/users/collectiveidea/repos","events_url":"https://api.github.com/users/collectiveidea/events{/privacy}","received_events_url":"https://api.github.com/users/collectiveidea/received_events","type":"Organization","site_admin":false},"html_url":"https://github.com/collectiveidea/css_naked_day","description":"A Rails plugin that disables all CSS on CSS Naked Day","fork":false,"url":"https://api.github.com/repos/collectiveidea/css_naked_day","forks_url":"https://api.github.com/repos/collectiveidea/css_naked_day/forks","keys_url":"https://api.github.com/repos/collectiveidea/css_naked_day/keys{/key_id}","collaborators_url":"https://api.github.com/repos/collectiveidea/css_naked_day/collaborators{/collaborator}","teams_url":"https://api.github.com/repos/collectiveidea/css_naked_day/teams","hooks_url":"https://api.github.com/repos/collectiveidea/css_naked_day/hooks","issue_events_url":"https://api.github.com/repos/collectiveidea/css_naked_day/issues/events{/number}","events_url":"https://api.github.com/repos/collectiveidea/css_naked_day/events","assignees_url":"https://api.github.com/repos/collectiveidea/css_naked_day/assignees{/user}","branches_url":"https://api.github.com/repos/collectiveidea/css_naked_day/branches{/branch}","tags_url":"https://api.github.com/repos/collectiveidea/css_naked_day/tags","blobs_url":"https://api.github.com/repos/collectiveidea/css_naked_day/git/blobs{/sha}","git_tags_url":"https://api.github.com/repos/collectiveidea/css_naked_day/git/tags{/sha}","git_refs_url":"https://api.github.com/repos/collectiveidea/css_naked_day/git/refs{/sha}","trees_url":"https://api.github.com/repos/collectiveidea/css_naked_day/git/trees{/sha}","statuses_url":"https://api.github.com/repos/collectiveidea/css_naked_day/statuses/{sha}","languages_url":"https://api.github.com/repos/collectiveidea/css_naked_day/languages","stargazers_url":"https://api.github.com/repos/collectiveidea/css_naked_day/stargazers","contributors_url":"https://api.github.com/repos/collectiveidea/css_naked_day/contributors","subscribers_url":"https://api.github.com/repos/collectiveidea/css_naked_day/subscribers","subscription_url":"https://api.github.com/repos/collectiveidea/css_naked_day/subscription","commits_url":"https://api.github.com/repos/collectiveidea/css_naked_day/commits{/sha}","git_commits_url":"https://api.github.com/repos/collectiveidea/css_naked_day/git/commits{/sha}","comments_url":"https://api.github.com/repos/collectiveidea/css_naked_day/comments{/number}","issue_comment_url":"https://api.github.com/repos/collectiveidea/css_naked_day/issues/comments{/number}","contents_url":"https://api.github.com/repos/collectiveidea/css_naked_day/contents/{+path}","compare_url":"https://api.github.com/repos/collectiveidea/css_naked_day/compare/{base}...{head}","merges_url":"https://api.github.com/repos/collectiveidea/css_naked_day/merges","archive_url":"https://api.github.com/repos/collectiveidea/css_naked_day/{archive_format}{/ref}","downloads_url":"https://api.github.com/repos/collectiveidea/css_naked_day/downloads","issues_url":"https://api.github.com/repos/collectiveidea/css_naked_day/issues{/number}","pulls_url":"https://api.github.com/repos/collectiveidea/css_naked_day/pulls{/number}","milestones_url":"https://api.github.com/repos/collectiveidea/css_naked_day/milestones{/number}","notifications_url":"https://api.github.com/repos/collectiveidea/css_naked_day/notifications{?since,all,participating}","labels_url":"https://api.github.com/repos/collectiveidea/css_naked_day/labels{/name}","releases_url":"https://api.github.com/repos/collectiveidea/css_naked_day/releases{/id}","deployments_url":"https://api.github.com/repos/collectiveidea/css_naked_day/deployments"}]
List public repositories
]]></system-out>
  </testcase>
  <testcase name="DeleteaFile" classname="TestCases.GithubRepo" time="0.541">
    <system-out><![CDATA[{"content":null,"commit":{"sha":"c2f4ddeec839ff3fdd4aaea8c3bb1094167f4338","node_id":"C_kwDOJzwOpNoAKGMyZjRkZGVlYzgzOWZmM2ZkZDRhYWVhOGMzYmIxMDk0MTY3ZjQzMzg","url":"https://api.github.com/repos/Shubhamverma94/Renamed-RestAssured-Project/git/commits/c2f4ddeec839ff3fdd4aaea8c3bb1094167f4338","html_url":"https://github.com/Shubhamverma94/Renamed-RestAssured-Project/commit/c2f4ddeec839ff3fdd4aaea8c3bb1094167f4338","author":{"name":"SHUBHAM VERMA","email":"103638279+Shubhamverma94@users.noreply.github.com","date":"2023-06-25T07:57:13Z"},"committer":{"name":"SHUBHAM VERMA","email":"103638279+Shubhamverma94@users.noreply.github.com","date":"2023-06-25T07:57:13Z"},"tree":{"sha":"4b825dc642cb6eb9a060e54bf8d69288fbee4904","url":"https://api.github.com/repos/Shubhamverma94/Renamed-RestAssured-Project/git/trees/4b825dc642cb6eb9a060e54bf8d69288fbee4904"},"message":"a commit message describing the changes you are making","parents":[{"sha":"102180fce063af173fbc336089c2d771d8aa79e7","url":"https://api.github.com/repos/Shubhamverma94/Renamed-RestAssured-Project/git/commits/102180fce063af173fbc336089c2d771d8aa79e7","html_url":"https://github.com/Shubhamverma94/Renamed-RestAssured-Project/commit/102180fce063af173fbc336089c2d771d8aa79e7"}],"verification":{"verified":false,"reason":"unsigned","signature":null,"payload":null}}}
Deleted a file
]]></system-out>
  </testcase>
  <testcase name="ListRepositoryTags" classname="TestCases.GithubRepo" time="0.4">
    <system-out><![CDATA[[]
List repository tags
]]></system-out>
  </testcase>
  <testcase name="CreateAnAutolinkReferenceforaRepository" classname="TestCases.GithubRepo" time="0.443">
    <system-out><![CDATA[E:\Shubham_fw19_0757\SDET\Eclipse2\RA-GITHUB-API-Framework-\src\main\java\resource\CreateAnAutolinkReferenceforaRepository.json
1862871
Created an autolink reference for a repository
]]></system-out>
  </testcase>
  <testcase name="ReplaceAllRepositoryTopics" classname="TestCases.GithubRepo" time="0.73">
    <system-out><![CDATA[E:\Shubham_fw19_0757\SDET\Eclipse2\RA-GITHUB-API-Framework-\src\main\java\resource\ReplaceAllRepositoryTopics.json
{"names":["api","atom","electron","octocat"]}
Replaced all repository topics
]]></system-out>
  </testcase>
  <testcase name="GetAllRepositoryTopics" classname="TestCases.GithubRepo" time="0.436">
    <system-out><![CDATA[{"names":["api","atom","electron","octocat"]}
Got all repository topics
]]></system-out>
  </testcase>
  <testcase name="GetAnAutolinkReferenceofaRepository" classname="TestCases.GithubRepo" time="0.469">
    <system-out><![CDATA[{"id":1862871,"key_prefix":"TICKET","url_template":"https://example.com/TICKET?query=<num>","is_alphanumeric":true}
Got an autolink reference of a repository
]]></system-out>
  </testcase>
  <testcase name="DeleteAnAutolinkReferenceFromaRepository" classname="TestCases.GithubRepo" time="0.412">
    <system-out><![CDATA[
Deleted an autolink reference from a repository
]]></system-out>
  </testcase>
  <testcase name="GetaRepository2" classname="TestCases.GithubRepo" time="0.403">
    <system-out><![CDATA[{"id":658247332,"node_id":"R_kgDOJzwOpA","name":"Renamed-RestAssured-Project","full_name":"Shubhamverma94/Renamed-RestAssured-Project","private":false,"owner":{"login":"Shubhamverma94","id":103638279,"node_id":"U_kgDOBi1lBw","avatar_url":"https://avatars.githubusercontent.com/u/103638279?v=4","gravatar_id":"","url":"https://api.github.com/users/Shubhamverma94","html_url":"https://github.com/Shubhamverma94","followers_url":"https://api.github.com/users/Shubhamverma94/followers","following_url":"https://api.github.com/users/Shubhamverma94/following{/other_user}","gists_url":"https://api.github.com/users/Shubhamverma94/gists{/gist_id}","starred_url":"https://api.github.com/users/Shubhamverma94/starred{/owner}{/repo}","subscriptions_url":"https://api.github.com/users/Shubhamverma94/subscriptions","organizations_url":"https://api.github.com/users/Shubhamverma94/orgs","repos_url":"https://api.github.com/users/Shubhamverma94/repos","events_url":"https://api.github.com/users/Shubhamverma94/events{/privacy}","received_events_url":"https://api.github.com/users/Shubhamverma94/received_events","type":"User","site_admin":false},"html_url":"https://github.com/Shubhamverma94/Renamed-RestAssured-Project","description":"This is updated by API","fork":false,"url":"https://api.github.com/repos/Shubhamverma94/Renamed-RestAssured-Project","forks_url":"https://api.github.com/repos/Shubhamverma94/Renamed-RestAssured-Project/forks","keys_url":"https://api.github.com/repos/Shubhamverma94/Renamed-RestAssured-Project/keys{/key_id}","collaborators_url":"https://api.github.com/repos/Shubhamverma94/Renamed-RestAssured-Project/collaborators{/collaborator}","teams_url":"https://api.github.com/repos/Shubhamverma94/Renamed-RestAssured-Project/teams","hooks_url":"https://api.github.com/repos/Shubhamverma94/Renamed-RestAssured-Project/hooks","issue_events_url":"https://api.github.com/repos/Shubhamverma94/Renamed-RestAssured-Project/issues/events{/number}","events_url":"https://api.github.com/repos/Shubhamverma94/Renamed-RestAssured-Project/events","assignees_url":"https://api.github.com/repos/Shubhamverma94/Renamed-RestAssured-Project/assignees{/user}","branches_url":"https://api.github.com/repos/Shubhamverma94/Renamed-RestAssured-Project/branches{/branch}","tags_url":"https://api.github.com/repos/Shubhamverma94/Renamed-RestAssured-Project/tags","blobs_url":"https://api.github.com/repos/Shubhamverma94/Renamed-RestAssured-Project/git/blobs{/sha}","git_tags_url":"https://api.github.com/repos/Shubhamverma94/Renamed-RestAssured-Project/git/tags{/sha}","git_refs_url":"https://api.github.com/repos/Shubhamverma94/Renamed-RestAssured-Project/git/refs{/sha}","trees_url":"https://api.github.com/repos/Shubhamverma94/Renamed-RestAssured-Project/git/trees{/sha}","statuses_url":"https://api.github.com/repos/Shubhamverma94/Renamed-RestAssured-Project/statuses/{sha}","languages_url":"https://api.github.com/repos/Shubhamverma94/Renamed-RestAssured-Project/languages","stargazers_url":"https://api.github.com/repos/Shubhamverma94/Renamed-RestAssured-Project/stargazers","contributors_url":"https://api.github.com/repos/Shubhamverma94/Renamed-RestAssured-Project/contributors","subscribers_url":"https://api.github.com/repos/Shubhamverma94/Renamed-RestAssured-Project/subscribers","subscription_url":"https://api.github.com/repos/Shubhamverma94/Renamed-RestAssured-Project/subscription","commits_url":"https://api.github.com/repos/Shubhamverma94/Renamed-RestAssured-Project/commits{/sha}","git_commits_url":"https://api.github.com/repos/Shubhamverma94/Renamed-RestAssured-Project/git/commits{/sha}","comments_url":"https://api.github.com/repos/Shubhamverma94/Renamed-RestAssured-Project/comments{/number}","issue_comment_url":"https://api.github.com/repos/Shubhamverma94/Renamed-RestAssured-Project/issues/comments{/number}","contents_url":"https://api.github.com/repos/Shubhamverma94/Renamed-RestAssured-Project/contents/{+path}","compare_url":"https://api.github.com/repos/Shubhamverma94/Renamed-RestAssured-Project/compare/{base}...{head}","merges_url":"https://api.github.com/repos/Shubhamverma94/Renamed-RestAssured-Project/merges","archive_url":"https://api.github.com/repos/Shubhamverma94/Renamed-RestAssured-Project/{archive_format}{/ref}","downloads_url":"https://api.github.com/repos/Shubhamverma94/Renamed-RestAssured-Project/downloads","issues_url":"https://api.github.com/repos/Shubhamverma94/Renamed-RestAssured-Project/issues{/number}","pulls_url":"https://api.github.com/repos/Shubhamverma94/Renamed-RestAssured-Project/pulls{/number}","milestones_url":"https://api.github.com/repos/Shubhamverma94/Renamed-RestAssured-Project/milestones{/number}","notifications_url":"https://api.github.com/repos/Shubhamverma94/Renamed-RestAssured-Project/notifications{?since,all,participating}","labels_url":"https://api.github.com/repos/Shubhamverma94/Renamed-RestAssured-Project/labels{/name}","releases_url":"https://api.github.com/repos/Shubhamverma94/Renamed-RestAssured-Project/releases{/id}","deployments_url":"https://api.github.com/repos/Shubhamverma94/Renamed-RestAssured-Project/deployments","created_at":"2023-06-25T07:57:05Z","updated_at":"2023-06-25T07:57:15Z","pushed_at":"2023-06-25T07:57:13Z","git_url":"git://github.com/Shubhamverma94/Renamed-RestAssured-Project.git","ssh_url":"git@github.com:Shubhamverma94/Renamed-RestAssured-Project.git","clone_url":"https://github.com/Shubhamverma94/Renamed-RestAssured-Project.git","svn_url":"https://github.com/Shubhamverma94/Renamed-RestAssured-Project","homepage":null,"size":0,"stargazers_count":0,"watchers_count":0,"language":null,"has_issues":true,"has_projects":true,"has_downloads":true,"has_wiki":true,"has_pages":false,"has_discussions":false,"forks_count":1,"mirror_url":null,"archived":false,"disabled":false,"open_issues_count":0,"license":null,"allow_forking":true,"is_template":false,"web_commit_signoff_required":false,"topics":["api","atom","electron","octocat"],"visibility":"public","forks":1,"open_issues":0,"watchers":0,"default_branch":"main","permissions":{"admin":true,"maintain":true,"push":true,"triage":true,"pull":true},"temp_clone_token":"","allow_squash_merge":true,"allow_merge_commit":true,"allow_rebase_merge":true,"allow_auto_merge":false,"delete_branch_on_merge":false,"allow_update_branch":false,"use_squash_pr_title_as_default":false,"squash_merge_commit_message":"COMMIT_MESSAGES","squash_merge_commit_title":"COMMIT_OR_PR_TITLE","merge_commit_message":"PR_TITLE","merge_commit_title":"MERGE_MESSAGE","security_and_analysis":{"secret_scanning":{"status":"disabled"},"secret_scanning_push_protection":{"status":"disabled"}},"network_count":1,"subscribers_count":1}
Got a repository again
]]></system-out>
  </testcase>
  <testcase name="DeleteaRepository" classname="TestCases.GithubRepo" time="0.554">
    <system-out><![CDATA[
Deleted a repository
]]></system-out>
  </testcase>
</testsuite>