<?xml version="1.0" encoding="UTF-8"?>
<testng-results ignored="0" total="18" passed="18" failed="0" skipped="0">
  <reporter-output>
  </reporter-output>
  <suite started-at="2023-06-25T13:27:00 IST" name="Suite" finished-at="2023-06-25T13:27:18 IST" duration-ms="17819">
    <groups>
    </groups>
    <test started-at="2023-06-25T13:27:00 IST" name="Test" finished-at="2023-06-25T13:27:18 IST" duration-ms="17819">
      <class name="TestCases.GithubRepo">
        <test-method signature="CreateaRepositoryfortheAuthenticatedUser()[pri:0, instance:TestCases.GithubRepo@2b40ff9c]" started-at="2023-06-25T13:27:00 IST" name="CreateaRepositoryfortheAuthenticatedUser" finished-at="2023-06-25T13:27:08 IST" duration-ms="7318" status="PASS">
          <reporter-output>
          </reporter-output>
        </test-method> <!-- CreateaRepositoryfortheAuthenticatedUser -->
        <test-method signature="UpdateaRepository()[pri:1, instance:TestCases.GithubRepo@2b40ff9c]" started-at="2023-06-25T13:27:08 IST" name="UpdateaRepository" finished-at="2023-06-25T13:27:08 IST" duration-ms="750" status="PASS">
          <reporter-output>
          </reporter-output>
        </test-method> <!-- UpdateaRepository -->
        <test-method signature="GetaRepository()[pri:2, instance:TestCases.GithubRepo@2b40ff9c]" started-at="2023-06-25T13:27:08 IST" name="GetaRepository" finished-at="2023-06-25T13:27:09 IST" duration-ms="503" status="PASS">
          <reporter-output>
          </reporter-output>
        </test-method> <!-- GetaRepository -->
        <test-method signature="CreateOrUpdateFileContents()[pri:3, instance:TestCases.GithubRepo@2b40ff9c]" started-at="2023-06-25T13:27:09 IST" name="CreateOrUpdateFileContents" finished-at="2023-06-25T13:27:10 IST" duration-ms="802" status="PASS">
          <reporter-output>
          </reporter-output>
        </test-method> <!-- CreateOrUpdateFileContents -->
        <test-method signature="CreateaFork()[pri:4, instance:TestCases.GithubRepo@2b40ff9c]" started-at="2023-06-25T13:27:10 IST" name="CreateaFork" finished-at="2023-06-25T13:27:11 IST" duration-ms="1316" status="PASS">
          <reporter-output>
          </reporter-output>
        </test-method> <!-- CreateaFork -->
        <test-method signature="ListForks()[pri:5, instance:TestCases.GithubRepo@2b40ff9c]" started-at="2023-06-25T13:27:11 IST" name="ListForks" finished-at="2023-06-25T13:27:11 IST" duration-ms="424" status="PASS">
          <reporter-output>
          </reporter-output>
        </test-method> <!-- ListForks -->
        <test-method signature="ListRepositoriesForaUser()[pri:6, instance:TestCases.GithubRepo@2b40ff9c]" started-at="2023-06-25T13:27:11 IST" name="ListRepositoriesForaUser" finished-at="2023-06-25T13:27:12 IST" duration-ms="1081" status="PASS">
          <reporter-output>
          </reporter-output>
        </test-method> <!-- ListRepositoriesForaUser -->
        <test-method signature="ListRepositoryLanguages()[pri:7, instance:TestCases.GithubRepo@2b40ff9c]" started-at="2023-06-25T13:27:12 IST" name="ListRepositoryLanguages" finished-at="2023-06-25T13:27:13 IST" duration-ms="440" status="PASS">
          <reporter-output>
          </reporter-output>
        </test-method> <!-- ListRepositoryLanguages -->
        <test-method signature="ListPublicRepositories()[pri:8, instance:TestCases.GithubRepo@2b40ff9c]" started-at="2023-06-25T13:27:13 IST" name="ListPublicRepositories" finished-at="2023-06-25T13:27:14 IST" duration-ms="740" status="PASS">
          <reporter-output>
          </reporter-output>
        </test-method> <!-- ListPublicRepositories -->
        <test-method signature="DeleteaFile()[pri:9, instance:TestCases.GithubRepo@2b40ff9c]" started-at="2023-06-25T13:27:14 IST" name="DeleteaFile" finished-at="2023-06-25T13:27:14 IST" duration-ms="557" status="PASS">
          <reporter-output>
          </reporter-output>
        </test-method> <!-- DeleteaFile -->
        <test-method signature="ListRepositoryTags()[pri:10, instance:TestCases.GithubRepo@2b40ff9c]" started-at="2023-06-25T13:27:14 IST" name="ListRepositoryTags" finished-at="2023-06-25T13:27:15 IST" duration-ms="399" status="PASS">
          <reporter-output>
          </reporter-output>
        </test-method> <!-- ListRepositoryTags -->
        <test-method signature="CreateAnAutolinkReferenceforaRepository()[pri:11, instance:TestCases.GithubRepo@2b40ff9c]" started-at="2023-06-25T13:27:15 IST" name="CreateAnAutolinkReferenceforaRepository" finished-at="2023-06-25T13:27:15 IST" duration-ms="443" status="PASS">
          <reporter-output>
          </reporter-output>
        </test-method> <!-- CreateAnAutolinkReferenceforaRepository -->
        <test-method signature="ReplaceAllRepositoryTopics()[pri:12, instance:TestCases.GithubRepo@2b40ff9c]" started-at="2023-06-25T13:27:15 IST" name="ReplaceAllRepositoryTopics" finished-at="2023-06-25T13:27:16 IST" duration-ms="729" status="PASS">
          <reporter-output>
          </reporter-output>
        </test-method> <!-- ReplaceAllRepositoryTopics -->
        <test-method signature="GetAllRepositoryTopics()[pri:13, instance:TestCases.GithubRepo@2b40ff9c]" started-at="2023-06-25T13:27:16 IST" name="GetAllRepositoryTopics" finished-at="2023-06-25T13:27:16 IST" duration-ms="436" status="PASS">
          <reporter-output>
          </reporter-output>
        </test-method> <!-- GetAllRepositoryTopics -->
        <test-method signature="GetAnAutolinkReferenceofaRepository()[pri:14, instance:TestCases.GithubRepo@2b40ff9c]" started-at="2023-06-25T13:27:16 IST" name="GetAnAutolinkReferenceofaRepository" finished-at="2023-06-25T13:27:17 IST" duration-ms="469" status="PASS">
          <reporter-output>
          </reporter-output>
        </test-method> <!-- GetAnAutolinkReferenceofaRepository -->
        <test-method signature="DeleteAnAutolinkReferenceFromaRepository()[pri:15, instance:TestCases.GithubRepo@2b40ff9c]" started-at="2023-06-25T13:27:17 IST" name="DeleteAnAutolinkReferenceFromaRepository" finished-at="2023-06-25T13:27:17 IST" duration-ms="412" status="PASS">
          <reporter-output>
          </reporter-output>
        </test-method> <!-- DeleteAnAutolinkReferenceFromaRepository -->
        <test-method signature="GetaRepository2()[pri:16, instance:TestCases.GithubRepo@2b40ff9c]" started-at="2023-06-25T13:27:17 IST" name="GetaRepository2" finished-at="2023-06-25T13:27:17 IST" duration-ms="402" status="PASS">
          <reporter-output>
          </reporter-output>
        </test-method> <!-- GetaRepository2 -->
        <test-method signature="DeleteaRepository()[pri:17, instance:TestCases.GithubRepo@2b40ff9c]" started-at="2023-06-25T13:27:17 IST" name="DeleteaRepository" finished-at="2023-06-25T13:27:18 IST" duration-ms="554" status="PASS">
          <reporter-output>
          </reporter-output>
        </test-method> <!-- DeleteaRepository -->
      </class> <!-- TestCases.GithubRepo -->
    </test> <!-- Test -->
  </suite> <!-- Suite -->
</testng-results>
